[runner] total targets: 519, todo: 519
[1/519] D:/ドキュメント/エントロピー/新膜宇宙論/これまでの軌跡/パイソン/_step5_0_a9_v2_erratum_audit.py
  -> FAIL      t=25.972s  (cumulative 26s)
[2/519] D:/ドキュメント/エントロピー/新膜宇宙論/これまでの軌跡/パイソン/_step5_0_a9_v2_erratum_audit_v2.py
  -> PASS      t=26.046s  (cumulative 52s)
[3/519] D:/ドキュメント/エントロピー/新膜宇宙論/これまでの軌跡/パイソン/_step5_0_b_ngc3198_sparc_verify.py
  -> PASS      t=0.396s  (cumulative 52s)
[4/519] D:/ドキュメント/エントロピー/新膜宇宙論/これまでの軌跡/パイソン/_step5_2_M_multi_route_min.py
  -> PASS      t=0.129s  (cumulative 53s)
[5/519] D:/ドキュメント/エントロピー/新膜宇宙論/これまでの軌跡/パイソン/_step5_2_a_path_a_uncertainty_propagation.py
  -> PASS      t=0.051s  (cumulative 53s)
[6/519] D:/ドキュメント/エントロピー/新膜宇宙論/これまでの軌跡/パイソン/_step5_2_b1_firas_posterior.py
  -> PASS      t=0.791s  (cumulative 53s)
[7/519] D:/ドキュメント/エントロピー/新膜宇宙論/これまでの軌跡/パイソン/_step5_2_b2_cmb_tt_posterior.py
  -> PASS      t=0.79s  (cumulative 54s)
[8/519] D:/ドキュメント/エントロピー/新膜宇宙論/これまでの軌跡/パイソン/_step5_2_b3_21cm_posterior.py
  -> PASS      t=1.558s  (cumulative 56s)
[9/519] D:/ドキュメント/エントロピー/新膜宇宙論/これまでの軌跡/パイソン/_step5_2_b4_joint_posterior.py
  -> PASS      t=2.37s  (cumulative 58s)
[10/519] D:/ドキュメント/エントロピー/新膜宇宙論/これまでの軌跡/パイソン/_step5_2_c_cascade_ssot_consistency.py
  -> PASS      t=0.131s  (cumulative 58s)
[11/519] D:/ドキュメント/エントロピー/新膜宇宙論/これまでの軌跡/パイソン/_step5_2_m_g3_variant_accounting.py
  -> PASS      t=0.051s  (cumulative 58s)
[12/519] D:/ドキュメント/エントロピー/新膜宇宙論/これまでの軌跡/パイソン/_step5_2_method2_a1_epsilon_scale_grep.py
  -> PASS      t=4.142s  (cumulative 62s)
[13/519] D:/ドキュメント/エントロピー/新膜宇宙論/これまでの軌跡/パイソン/_step5_2_pre_c_resync.py
  -> FAIL      t=0.051s  (cumulative 62s)
[14/519] D:/ドキュメント/エントロピー/新膜宇宙論/これまでの軌跡/パイソン/archive/retracted/model_b_slope_contribution.py
  -> PASS      t=20.433s  (cumulative 83s)
[15/519] D:/ドキュメント/エントロピー/新膜宇宙論/これまでの軌跡/パイソン/band_correction.py
  -> PASS      t=2.046s  (cumulative 85s)
[16/519] D:/ドキュメント/エントロピー/新膜宇宙論/これまでの軌跡/パイソン/beta_gap_diagnosis.py
  -> PASS      t=1.723s  (cumulative 87s)
[17/519] D:/ドキュメント/エントロピー/新膜宇宙論/これまでの軌跡/パイソン/bootstrap_step3_sigma_b.py
  -> PASS      t=1.36s  (cumulative 88s)
[18/519] D:/ドキュメント/エントロピー/新膜宇宙論/これまでの軌跡/パイソン/bootstrap_step3_sigma_b_v2.py
  -> PASS      t=1.75s  (cumulative 90s)
[19/519] D:/ドキュメント/エントロピー/新膜宇宙論/これまでの軌跡/パイソン/brouwer2021/brouwer_kids_c15_hotgas_per_mbin.py
  -> PASS      t=1.045s  (cumulative 91s)
[20/519] D:/ドキュメント/エントロピー/新膜宇宙論/これまでの軌跡/パイソン/brouwer2021/brouwer_kids_c15_radial.py
  -> PASS      t=1.422s  (cumulative 92s)
[21/519] D:/ドキュメント/エントロピー/新膜宇宙論/これまでの軌跡/パイソン/brouwer2021/brouwer_kids_c15_test.py
  -> PASS      t=1.211s  (cumulative 93s)
[22/519] D:/ドキュメント/エントロピー/新膜宇宙論/これまでの軌跡/パイソン/brouwer2021/brouwer_kids_fig8_color_sersic.py
  -> PASS      t=0.967s  (cumulative 94s)
[23/519] D:/ドキュメント/エントロピー/新膜宇宙論/これまでの軌跡/パイソン/brouwer2021/brouwer_kids_sensitivity_chi2.py
  -> PASS      t=1.245s  (cumulative 96s)
[24/519] D:/ドキュメント/エントロピー/新膜宇宙論/これまでの軌跡/パイソン/build_c2_judgment_pdf.py
  -> FAIL      t=0.245s  (cumulative 96s)
[25/519] D:/ドキュメント/エントロピー/新膜宇宙論/これまでの軌跡/パイソン/build_foundation_integrated_skeleton.py
  -> PASS      t=0.207s  (cumulative 96s)
[26/519] D:/ドキュメント/エントロピー/新膜宇宙論/これまでの軌跡/パイソン/build_orbit_merged_csv.py
  -> PASS      t=0.422s  (cumulative 97s)
[27/519] D:/ドキュメント/エントロピー/新膜宇宙論/これまでの軌跡/パイソン/cl1_center_optimize.py
  -> PASS      t=4.138s  (cumulative 101s)
[28/519] D:/ドキュメント/エントロピー/新膜宇宙論/これまでの軌跡/パイソン/cl1_center_v2.py
  -> PASS      t=3.501s  (cumulative 104s)
[29/519] D:/ドキュメント/エントロピー/新膜宇宙論/これまでの軌跡/パイソン/cl1_cl3_stack.py
  -> PASS      t=2.105s  (cumulative 106s)
[30/519] D:/ドキュメント/エントロピー/新膜宇宙論/これまでの軌跡/パイソン/cl1_modelB_fit.py
  -> PASS      t=74.246s  (cumulative 181s)
[31/519] D:/ドキュメント/エントロピー/新膜宇宙論/これまでの軌跡/パイソン/cl1_model_fit.py
  -> PASS      t=7.869s  (cumulative 188s)
[32/519] D:/ドキュメント/エントロピー/新膜宇宙論/これまでの軌跡/パイソン/cluster_stack.py
  -> PASS      t=47.155s  (cumulative 236s)
[33/519] D:/ドキュメント/エントロピー/新膜宇宙論/これまでの軌跡/パイソン/cluster_stack_v2.py
  -> PASS      t=98.492s  (cumulative 334s)
[34/519] D:/ドキュメント/エントロピー/新膜宇宙論/これまでの軌跡/パイソン/cluster_stack_v2b.py
  -> PASS      t=62.363s  (cumulative 396s)
[35/519] D:/ドキュメント/エントロピー/新膜宇宙論/これまでの軌跡/パイソン/cluster_stack_v3.py
  -> PASS      t=14.697s  (cumulative 411s)
[36/519] D:/ドキュメント/エントロピー/新膜宇宙論/これまでの軌跡/パイソン/cluster_stack_v3_fix.py
  -> PASS      t=3.921s  (cumulative 415s)
[37/519] D:/ドキュメント/エントロピー/新膜宇宙論/これまでの軌跡/パイソン/cluster_stack_v3_fix2.py
  -> PASS      t=2.513s  (cumulative 418s)
[38/519] D:/ドキュメント/エントロピー/新膜宇宙論/これまでの軌跡/パイソン/compare_wl_catalogs.py
  -> PASS      t=54.489s  (cumulative 472s)
[39/519] D:/ドキュメント/エントロピー/新膜宇宙論/これまでの軌跡/パイソン/core/phase_b/phase_a_step1_gama_inspect.py
  -> PASS      t=11.858s  (cumulative 484s)
[40/519] D:/ドキュメント/エントロピー/新膜宇宙論/これまでの軌跡/パイソン/core/phase_b/phase_a_step2_lens_sample.py
  -> PASS      t=6.204s  (cumulative 490s)
[41/519] D:/ドキュメント/エントロピー/新膜宇宙論/これまでの軌跡/パイソン/core/phase_b/phase_a_step34_esd.py
  -> TIMEOUT   t=120.023s  (cumulative 610s)
[42/519] D:/ドキュメント/エントロピー/新膜宇宙論/これまでの軌跡/パイソン/core/phase_b/phase_a_step5_rar.py
  -> PASS      t=1.929s  (cumulative 612s)
[43/519] D:/ドキュメント/エントロピー/新膜宇宙論/これまでの軌跡/パイソン/core/phase_b/phase_a_step5_rar_v2.py
  -> TIMEOUT   t=120.025s  (cumulative 732s)
[44/519] D:/ドキュメント/エントロピー/新膜宇宙論/これまでの軌跡/パイソン/core/phase_b/phase_b_step1_gbar_fix.py
  -> PASS      t=49.399s  (cumulative 781s)
[45/519] D:/ドキュメント/エントロピー/新膜宇宙論/これまでの軌跡/パイソン/core/phase_b/phase_b_step2_errors.py
  -> PASS      t=51.007s  (cumulative 833s)
[46/519] D:/ドキュメント/エントロピー/新膜宇宙論/これまでの軌跡/パイソン/core/phase_b/phase_b_step3_three_fields.py
  -> PASS      t=262.026s  (cumulative 1095s)
[47/519] D:/ドキュメント/エントロピー/新膜宇宙論/これまでの軌跡/パイソン/core/sparc_fit/fit_tanh.py
  -> PASS      t=0.73s  (cumulative 1095s)
[48/519] D:/ドキュメント/エントロピー/新膜宇宙論/これまでの軌跡/パイソン/core/sparc_fit/fit_tanh2_all.py
  -> PASS      t=33.043s  (cumulative 1128s)
[49/519] D:/ドキュメント/エントロピー/新膜宇宙論/これまでの軌跡/パイソン/core/sparc_fit/fit_tanh2_ngc2403.py
  -> PASS      t=2.28s  (cumulative 1131s)
[50/519] D:/ドキュメント/エントロピー/新膜宇宙論/これまでの軌跡/パイソン/edge_c15_extension.py
  -> PASS      t=0.996s  (cumulative 1132s)
[51/519] D:/ドキュメント/エントロピー/新膜宇宙論/これまでの軌跡/パイソン/fetch_cluster_photoz.py
  -> FAIL      t=0.207s  (cumulative 1132s)
[52/519] D:/ドキュメント/エントロピー/新膜宇宙論/これまでの軌跡/パイソン/fetch_cluster_sources.py
  -> FAIL      t=0.172s  (cumulative 1132s)
[53/519] D:/ドキュメント/エントロピー/新膜宇宙論/これまでの軌跡/パイソン/fetch_pace2022_zenodo.py
  -> PASS      t=0.701s  (cumulative 1133s)
[54/519] D:/ドキュメント/エントロピー/新膜宇宙論/これまでの軌跡/パイソン/fetch_vizier_orbit_data.py
  -> PASS      t=144.921s  (cumulative 1278s)
[55/519] D:/ドキュメント/エントロピー/新膜宇宙論/これまでの軌跡/パイソン/foundation_gamma_actual.pre_phase4b.bak.py
  -> PASS      t=1.234s  (cumulative 1279s)
[56/519] D:/ドキュメント/エントロピー/新膜宇宙論/これまでの軌跡/パイソン/foundation_gamma_actual.py
  -> PASS      t=1.159s  (cumulative 1280s)
[57/519] D:/ドキュメント/エントロピー/新膜宇宙論/これまでの軌跡/パイソン/full_recompute_aggregate.py
  -> PASS      t=0.058s  (cumulative 1280s)
[58/519] D:/ドキュメント/エントロピー/新膜宇宙論/これまでの軌跡/パイソン/full_recompute_tier1_runner.py
  -> PASS      t=12.167s  (cumulative 1292s)
[59/519] D:/ドキュメント/エントロピー/新膜宇宙論/これまでの軌跡/パイソン/full_recompute_tier2_runner.py
  -> PASS      t=34.356s  (cumulative 1327s)
[60/519] D:/ドキュメント/エントロピー/新膜宇宙論/これまでの軌跡/パイソン/full_recompute_tier3_runner.py
  -> PASS      t=85.365s  (cumulative 1412s)
[61/519] D:/ドキュメント/エントロピー/新膜宇宙論/これまでの軌跡/パイソン/github_release/archive/cluster_old/cluster_stack.py
  -> PASS      t=0.745s  (cumulative 1413s)
[62/519] D:/ドキュメント/エントロピー/新膜宇宙論/これまでの軌跡/パイソン/github_release/archive/cluster_old/cluster_stack_v2.py
  -> PASS      t=0.535s  (cumulative 1413s)
[63/519] D:/ドキュメント/エントロピー/新膜宇宙論/これまでの軌跡/パイソン/github_release/archive/cluster_old/cluster_stack_v2b.py
  -> PASS      t=0.788s  (cumulative 1414s)
[64/519] D:/ドキュメント/エントロピー/新膜宇宙論/これまでの軌跡/パイソン/github_release/archive/hsc_old/hscSspQuery.py
  -> FAIL      t=0.2s  (cumulative 1414s)
[65/519] D:/ドキュメント/エントロピー/新膜宇宙論/これまでの軌跡/パイソン/github_release/archive/hsc_old/hsc_query.py
  -> FAIL      t=0.211s  (cumulative 1414s)
[66/519] D:/ドキュメント/エントロピー/新膜宇宙論/これまでの軌跡/パイソン/github_release/archive/retracted/f2h_empirical_slope.py
  -> PASS      t=0.501s  (cumulative 1415s)
[67/519] D:/ドキュメント/エントロピー/新膜宇宙論/これまでの軌跡/パイソン/github_release/archive/retracted/model_b_slope_contribution.py
  -> PASS      t=21.372s  (cumulative 1436s)
[68/519] D:/ドキュメント/エントロピー/新膜宇宙論/これまでの軌跡/パイソン/github_release/archive/retracted/plasticity_self_consistent.py
  -> PASS      t=2.416s  (cumulative 1439s)
[69/519] D:/ドキュメント/エントロピー/新膜宇宙論/これまでの軌跡/パイソン/github_release/archive/step3_old/step3_overdamped_test.py
  -> PASS      t=0.994s  (cumulative 1440s)
[70/519] D:/ドキュメント/エントロピー/新膜宇宙論/これまでの軌跡/パイソン/github_release/archive/step3_old/step3_overdamped_v2.py
  -> PASS      t=0.988s  (cumulative 1441s)
[71/519] D:/ドキュメント/エントロピー/新膜宇宙論/これまでの軌跡/パイソン/github_release/archive/step3_old/step3_overdamped_v3.py
  -> PASS      t=1.081s  (cumulative 1442s)
[72/519] D:/ドキュメント/エントロピー/新膜宇宙論/これまでの軌跡/パイソン/github_release/archive/step3_old/step3_overdamped_v4.py
  -> PASS      t=1.034s  (cumulative 1443s)
[73/519] D:/ドキュメント/エントロピー/新膜宇宙論/これまでの軌跡/パイソン/github_release/archive/step3_old/step3_verifyA.py
  -> PASS      t=1.248s  (cumulative 1444s)
[74/519] D:/ドキュメント/エントロピー/新膜宇宙論/これまでの軌跡/パイソン/github_release/archive/step5_versions/step5_v21_exp.py
  -> PASS      t=2.032s  (cumulative 1446s)
[75/519] D:/ドキュメント/エントロピー/新膜宇宙論/これまでの軌跡/パイソン/github_release/archive/step5_versions/step5_v21_fit.py
  -> PASS      t=1.862s  (cumulative 1448s)
[76/519] D:/ドキュメント/エントロピー/新膜宇宙論/これまでの軌跡/パイソン/github_release/archive/step5_versions/step5_v22.py
  -> PASS      t=2.36s  (cumulative 1450s)
[77/519] D:/ドキュメント/エントロピー/新膜宇宙論/これまでの軌跡/パイソン/github_release/archive/step5_versions/step5_v23.py
  -> PASS      t=2.482s  (cumulative 1453s)
[78/519] D:/ドキュメント/エントロピー/新膜宇宙論/これまでの軌跡/パイソン/github_release/archive/step5_versions/step5_v24.py
  -> PASS      t=2.88s  (cumulative 1456s)
[79/519] D:/ドキュメント/エントロピー/新膜宇宙論/これまでの軌跡/パイソン/github_release/archive/step5_versions/step5_v25.py
  -> PASS      t=3.164s  (cumulative 1459s)
[80/519] D:/ドキュメント/エントロピー/新膜宇宙論/これまでの軌跡/パイソン/github_release/archive/step5_versions/step5_v26.py
  -> PASS      t=3.539s  (cumulative 1462s)
[81/519] D:/ドキュメント/エントロピー/新膜宇宙論/これまでの軌跡/パイソン/github_release/archive/step_legacy/step1_f_functional_form.py
  -> FAIL      t=1.03s  (cumulative 1463s)
[82/519] D:/ドキュメント/エントロピー/新膜宇宙論/これまでの軌跡/パイソン/github_release/archive/step_legacy/step4_alpha_analysis.py
  -> PASS      t=1.733s  (cumulative 1465s)
[83/519] D:/ドキュメント/エントロピー/新膜宇宙論/これまでの軌跡/パイソン/github_release/core/clusters/cl1_center_optimize.py
  -> PASS      t=0.73s  (cumulative 1466s)
[84/519] D:/ドキュメント/エントロピー/新膜宇宙論/これまでの軌跡/パイソン/github_release/core/clusters/cl1_center_v2.py
  -> PASS      t=0.697s  (cumulative 1467s)
[85/519] D:/ドキュメント/エントロピー/新膜宇宙論/これまでの軌跡/パイソン/github_release/core/clusters/cl1_cl3_stack.py
  -> PASS      t=0.772s  (cumulative 1467s)
[86/519] D:/ドキュメント/エントロピー/新膜宇宙論/これまでの軌跡/パイソン/github_release/core/clusters/cl1_modelB_fit.py
  -> PASS      t=114.316s  (cumulative 1582s)
[87/519] D:/ドキュメント/エントロピー/新膜宇宙論/これまでの軌跡/パイソン/github_release/core/clusters/cl1_model_fit.py
  -> PASS      t=8.065s  (cumulative 1590s)
[88/519] D:/ドキュメント/エントロピー/新膜宇宙論/これまでの軌跡/パイソン/github_release/core/clusters/cluster_stack_v3.py
  -> PASS      t=8.99s  (cumulative 1599s)
[89/519] D:/ドキュメント/エントロピー/新膜宇宙論/これまでの軌跡/パイソン/github_release/core/clusters/cluster_stack_v3_fix.py
  -> PASS      t=3.878s  (cumulative 1603s)
[90/519] D:/ドキュメント/エントロピー/新膜宇宙論/これまでの軌跡/パイソン/github_release/core/clusters/cluster_stack_v3_fix2.py
  -> PASS      t=0.758s  (cumulative 1603s)
[91/519] D:/ドキュメント/エントロピー/新膜宇宙論/これまでの軌跡/パイソン/github_release/core/dwarfs/edge_c15_extension.py
  -> PASS      t=0.995s  (cumulative 1604s)
[92/519] D:/ドキュメント/エントロピー/新膜宇宙論/これまでの軌跡/パイソン/github_release/core/dwarfs/hunter2012_correct.py
  -> FAIL      t=0.765s  (cumulative 1605s)
[93/519] D:/ドキュメント/エントロピー/新膜宇宙論/これまでの軌跡/パイソン/github_release/core/dwarfs/hunter2012_fetch.py
  -> FAIL      t=3.126s  (cumulative 1608s)
[94/519] D:/ドキュメント/エントロピー/新膜宇宙論/これまでの軌跡/パイソン/github_release/core/dwarfs/little_things_step2.py
  -> FAIL      t=0.78s  (cumulative 1609s)
[95/519] D:/ドキュメント/エントロピー/新膜宇宙論/これまでの軌跡/パイソン/github_release/core/dwarfs/manga_v2.py
  -> PASS      t=0.915s  (cumulative 1610s)
[96/519] D:/ドキュメント/エントロピー/新膜宇宙論/これまでの軌跡/パイソン/github_release/core/dwarfs/manga_verification.py
  -> PASS      t=9.516s  (cumulative 1619s)
[97/519] D:/ドキュメント/エントロピー/新膜宇宙論/これまでの軌跡/パイソン/github_release/core/dwarfs/probes_Yd_free.py
  -> PASS      t=1.019s  (cumulative 1620s)
[98/519] D:/ドキュメント/エントロピー/新膜宇宙論/これまでの軌跡/パイソン/github_release/core/dwarfs/probes_vbar_pipeline.py
  -> PASS      t=0.786s  (cumulative 1621s)
[99/519] D:/ドキュメント/エントロピー/新膜宇宙論/これまでの軌跡/パイソン/github_release/core/dwarfs/probes_vbar_v2.py
  -> TIMEOUT   t=120.029s  (cumulative 1741s)
[100/519] D:/ドキュメント/エントロピー/新膜宇宙論/これまでの軌跡/パイソン/github_release/core/dwarfs/probes_verification.py
  -> TIMEOUT   t=120.031s  (cumulative 1861s)
[101/519] D:/ドキュメント/エントロピー/新膜宇宙論/これまでの軌跡/パイソン/github_release/core/dwarfs/sofue2016_verify.py
  -> PASS      t=38.945s  (cumulative 1900s)
[102/519] D:/ドキュメント/エントロピー/新膜宇宙論/これまでの軌跡/パイソン/github_release/core/phase_b/phase_a_step1_gama_inspect.py
  -> PASS      t=9.513s  (cumulative 1910s)
[103/519] D:/ドキュメント/エントロピー/新膜宇宙論/これまでの軌跡/パイソン/github_release/core/phase_b/phase_a_step2_lens_sample.py
  -> PASS      t=5.963s  (cumulative 1916s)
[104/519] D:/ドキュメント/エントロピー/新膜宇宙論/これまでの軌跡/パイソン/github_release/core/phase_b/phase_a_step34_esd.py
  -> TIMEOUT   t=120.024s  (cumulative 2036s)
[105/519] D:/ドキュメント/エントロピー/新膜宇宙論/これまでの軌跡/パイソン/github_release/core/phase_b/phase_a_step5_rar.py
  -> PASS      t=1.942s  (cumulative 2038s)
[106/519] D:/ドキュメント/エントロピー/新膜宇宙論/これまでの軌跡/パイソン/github_release/core/phase_b/phase_a_step5_rar_v2.py
  -> TIMEOUT   t=120.025s  (cumulative 2158s)
[107/519] D:/ドキュメント/エントロピー/新膜宇宙論/これまでの軌跡/パイソン/github_release/core/phase_b/phase_b_step1_gbar_fix.py
  -> PASS      t=48.42s  (cumulative 2206s)
[108/519] D:/ドキュメント/エントロピー/新膜宇宙論/これまでの軌跡/パイソン/github_release/core/phase_b/phase_b_step2_errors.py
  -> PASS      t=50.567s  (cumulative 2257s)
[109/519] D:/ドキュメント/エントロピー/新膜宇宙論/これまでの軌跡/パイソン/github_release/core/phase_b/phase_b_step3_three_fields.py
  -> PASS      t=257.558s  (cumulative 2514s)
[110/519] D:/ドキュメント/エントロピー/新膜宇宙論/これまでの軌跡/パイソン/github_release/core/sparc/brouwer_kids_c15_hotgas_per_mbin.py
  -> FAIL      t=0.52s  (cumulative 2515s)
[111/519] D:/ドキュメント/エントロピー/新膜宇宙論/これまでの軌跡/パイソン/github_release/core/sparc/brouwer_kids_c15_radial.py
  -> PASS      t=1.096s  (cumulative 2516s)
[112/519] D:/ドキュメント/エントロピー/新膜宇宙論/これまでの軌跡/パイソン/github_release/core/sparc/brouwer_kids_c15_test.py
  -> PASS      t=0.487s  (cumulative 2516s)
[113/519] D:/ドキュメント/エントロピー/新膜宇宙論/これまでの軌跡/パイソン/github_release/core/sparc/brouwer_kids_fig8_color_sersic.py
  -> PASS      t=0.789s  (cumulative 2517s)
[114/519] D:/ドキュメント/エントロピー/新膜宇宙論/これまでの軌跡/パイソン/github_release/core/sparc/brouwer_kids_sensitivity_chi2.py
  -> FAIL      t=0.5s  (cumulative 2518s)
[115/519] D:/ドキュメント/エントロピー/新膜宇宙論/これまでの軌跡/パイソン/github_release/core/sparc/sparc_M3_M6_independence.py
  -> PASS      t=28.734s  (cumulative 2546s)
[116/519] D:/ドキュメント/エントロピー/新膜宇宙論/これまでの軌跡/パイソン/github_release/core/sparc/sparc_P2b_critical.py
  -> PASS      t=1.243s  (cumulative 2548s)
[117/519] D:/ドキュメント/エントロピー/新膜宇宙論/これまでの軌跡/パイソン/github_release/core/sparc/sparc_P3_domainwall.py
  -> PASS      t=1.32s  (cumulative 2549s)
[118/519] D:/ドキュメント/エントロピー/新膜宇宙論/これまでの軌跡/パイソン/github_release/core/sparc/sparc_P5_deepMOND.py
  -> PASS      t=1.379s  (cumulative 2550s)
[119/519] D:/ドキュメント/エントロピー/新膜宇宙論/これまでの軌跡/パイソン/github_release/core/sparc/sparc_Yd_sensitivity.py
  -> PASS      t=1.647s  (cumulative 2552s)
[120/519] D:/ドキュメント/エントロピー/新膜宇宙論/これまでの軌跡/パイソン/github_release/core/sparc/sparc_Yd_sensitivity_v2.py
  -> PASS      t=1.935s  (cumulative 2554s)
[121/519] D:/ドキュメント/エントロピー/新膜宇宙論/これまでの軌跡/パイソン/github_release/core/sparc/sparc_alpha_bar_gap.py
  -> PASS      t=1.4s  (cumulative 2555s)
[122/519] D:/ドキュメント/エントロピー/新膜宇宙論/これまでの軌跡/パイソン/github_release/core/sparc/sparc_alpha_bar_reanalysis.py
  -> PASS      t=1.639s  (cumulative 2557s)
[123/519] D:/ドキュメント/エントロピー/新膜宇宙論/これまでの軌跡/パイソン/github_release/core/sparc/sparc_alpha_decomposition.py
  -> PASS      t=1.653s  (cumulative 2559s)
[124/519] D:/ドキュメント/エントロピー/新膜宇宙論/これまでの軌跡/パイソン/github_release/core/sparc/sparc_alpha_reproduce.py
  -> PASS      t=1.474s  (cumulative 2560s)
[125/519] D:/ドキュメント/エントロピー/新膜宇宙論/これまでの軌跡/パイソン/github_release/core/sparc/sparc_btfr_withinbin.py
  -> PASS      t=2.233s  (cumulative 2562s)
[126/519] D:/ドキュメント/エントロピー/新膜宇宙論/これまでの軌跡/パイソン/github_release/core/sparc/sparc_cond14_15_integration.py
  -> PASS      t=2.836s  (cumulative 2565s)
[127/519] D:/ドキュメント/エントロピー/新膜宇宙論/これまでの軌跡/パイソン/github_release/core/sparc/sparc_cond14_local_mond.py
  -> PASS      t=2.502s  (cumulative 2568s)
[128/519] D:/ドキュメント/エントロピー/新膜宇宙論/これまでの軌跡/パイソン/github_release/core/sparc/sparc_cond14_residual.py
  -> PASS      t=0.855s  (cumulative 2568s)
[129/519] D:/ドキュメント/エントロピー/新膜宇宙論/これまでの軌跡/パイソン/github_release/core/sparc/sparc_cond15_alpha_transition.py
  -> PASS      t=1.769s  (cumulative 2570s)
[130/519] D:/ドキュメント/エントロピー/新膜宇宙論/これまでの軌跡/パイソン/github_release/core/sparc/sparc_cond15_bias_cond14_correction.py
  -> PASS      t=1.406s  (cumulative 2572s)
[131/519] D:/ドキュメント/エントロピー/新膜宇宙論/これまでの軌跡/パイソン/github_release/core/sparc/sparc_cond15_residual_structure.py
  -> PASS      t=1.502s  (cumulative 2573s)
[132/519] D:/ドキュメント/エントロピー/新膜宇宙論/これまでの軌跡/パイソン/github_release/core/sparc/sparc_cond15_sgal_model.py
  -> FAIL      t=0.728s  (cumulative 2574s)
[133/519] D:/ドキュメント/エントロピー/新膜宇宙論/これまでの軌跡/パイソン/github_release/core/sparc/sparc_deep_mond_inversion.py
  -> PASS      t=4.014s  (cumulative 2578s)
[134/519] D:/ドキュメント/エントロピー/新膜宇宙論/これまでの軌跡/パイソン/github_release/core/sparc/sparc_deepmond_alphabar.py
  -> PASS      t=1.418s  (cumulative 2579s)
[135/519] D:/ドキュメント/エントロピー/新膜宇宙論/これまでの軌跡/パイソン/github_release/core/sparc/sparc_eta_derivation.py
  -> PASS      t=0.789s  (cumulative 2580s)
[136/519] D:/ドキュメント/エントロピー/新膜宇宙論/これまでの軌跡/パイソン/github_release/core/sparc/sparc_eta_yd_model.py
  -> PASS      t=1.505s  (cumulative 2582s)
[137/519] D:/ドキュメント/エントロピー/新膜宇宙論/これまでの軌跡/パイソン/github_release/core/sparc/sparc_gc_bias_correction.py
  -> PASS      t=2.408s  (cumulative 2584s)
[138/519] D:/ドキュメント/エントロピー/新膜宇宙論/これまでの軌跡/パイソン/github_release/core/sparc/sparc_gc_circularity_probes.py
  -> PASS      t=13.862s  (cumulative 2598s)
[139/519] D:/ドキュメント/エントロピー/新膜宇宙論/これまでの軌跡/パイソン/github_release/core/sparc/sparc_gc_method_comparison.py
  -> PASS      t=2.579s  (cumulative 2600s)
[140/519] D:/ドキュメント/エントロピー/新膜宇宙論/これまでの軌跡/パイソン/github_release/core/sparc/sparc_gc_method_systematics.py
  -> PASS      t=0.917s  (cumulative 2601s)
[141/519] D:/ドキュメント/エントロピー/新膜宇宙論/これまでの軌跡/パイソン/github_release/core/sparc/sparc_gc_photometric.py
  -> PASS      t=4.127s  (cumulative 2606s)
[142/519] D:/ドキュメント/エントロピー/新膜宇宙論/これまでの軌跡/パイソン/github_release/core/sparc/sparc_gc_photometric_v2.py
  -> PASS      t=5.844s  (cumulative 2611s)
[143/519] D:/ドキュメント/エントロピー/新膜宇宙論/これまでの軌跡/パイソン/github_release/core/sparc/sparc_gc_ratio_prediction.py
  -> PASS      t=0.74s  (cumulative 2612s)
[144/519] D:/ドキュメント/エントロピー/新膜宇宙論/これまでの軌跡/パイソン/github_release/core/sparc/sparc_gc_shape.py
  -> PASS      t=2.152s  (cumulative 2614s)
[145/519] D:/ドキュメント/エントロピー/新膜宇宙論/これまでの軌跡/パイソン/github_release/core/sparc/sparc_gc_ttype_partial_corr.py
  -> PASS      t=0.763s  (cumulative 2615s)
[146/519] D:/ドキュメント/エントロピー/新膜宇宙論/これまでの軌跡/パイソン/github_release/core/sparc/sparc_geometric_mean_verification.py
  -> PASS      t=3.517s  (cumulative 2619s)
[147/519] D:/ドキュメント/エントロピー/新膜宇宙論/これまでの軌跡/パイソン/github_release/core/sparc/sparc_grad_ratio_detail.py
  -> PASS      t=3.047s  (cumulative 2622s)
[148/519] D:/ドキュメント/エントロピー/新膜宇宙論/これまでの軌跡/パイソン/github_release/core/sparc/sparc_hR_decomposition.py
  -> PASS      t=0.819s  (cumulative 2622s)
[149/519] D:/ドキュメント/エントロピー/新膜宇宙論/これまでの軌跡/パイソン/github_release/core/sparc/sparc_hR_definition_check.py
  -> PASS      t=1.402s  (cumulative 2624s)
[150/519] D:/ドキュメント/エントロピー/新膜宇宙論/これまでの軌跡/パイソン/github_release/core/sparc/sparc_hR_free_exploration.py
  -> FAIL      t=0.715s  (cumulative 2625s)
[151/519] D:/ドキュメント/エントロピー/新膜宇宙論/これまでの軌跡/パイソン/github_release/core/sparc/sparc_hR_free_exploration_v2.py
  -> FAIL      t=0.729s  (cumulative 2625s)
[152/519] D:/ドキュメント/エントロピー/新膜宇宙論/これまでの軌跡/パイソン/github_release/core/sparc/sparc_hR_free_exploration_v3.py
  -> FAIL      t=0.708s  (cumulative 2626s)
[153/519] D:/ドキュメント/エントロピー/新膜宇宙論/これまでの軌跡/パイソン/github_release/core/sparc/sparc_hR_residual31.py
  -> PASS      t=0.833s  (cumulative 2627s)
[154/519] D:/ドキュメント/エントロピー/新膜宇宙論/これまでの軌跡/パイソン/github_release/core/sparc/sparc_jackknife_extended.py
  -> PASS      t=0.953s  (cumulative 2628s)
[155/519] D:/ドキュメント/エントロピー/新膜宇宙論/これまでの軌跡/パイソン/github_release/core/sparc/sparc_kappa_circularity.py
  -> PASS      t=6.329s  (cumulative 2634s)
[156/519] D:/ドキュメント/エントロピー/新膜宇宙論/これまでの軌跡/パイソン/github_release/core/sparc/sparc_kappa_estimation.py
  -> PASS      t=2.061s  (cumulative 2636s)
[157/519] D:/ドキュメント/エントロピー/新膜宇宙論/これまでの軌跡/パイソン/github_release/core/sparc/sparc_kappa_estimation_v2.py
  -> PASS      t=1.737s  (cumulative 2638s)
[158/519] D:/ドキュメント/エントロピー/新膜宇宙論/これまでの軌跡/パイソン/github_release/core/sparc/sparc_kappa_nonlinear.py
  -> TIMEOUT   t=120.024s  (cumulative 2758s)
[159/519] D:/ドキュメント/エントロピー/新膜宇宙論/これまでの軌跡/パイソン/github_release/core/sparc/sparc_littlethings_c15.py
  -> PASS      t=0.112s  (cumulative 2758s)
[160/519] D:/ドキュメント/エントロピー/新膜宇宙論/これまでの軌跡/パイソン/github_release/core/sparc/sparc_mbtfr_slope.py
  -> PASS      t=1.42s  (cumulative 2759s)
[161/519] D:/ドキュメント/エントロピー/新膜宇宙論/これまでの軌跡/パイソン/github_release/core/sparc/sparc_mu_transition.py
  -> PASS      t=1.589s  (cumulative 2761s)
[162/519] D:/ドキュメント/エントロピー/新膜宇宙論/これまでの軌跡/パイソン/github_release/core/sparc/sparc_plasticity_analysis.py
  -> PASS      t=1.677s  (cumulative 2763s)
[163/519] D:/ドキュメント/エントロピー/新膜宇宙論/これまでの軌跡/パイソン/github_release/core/sparc/sparc_residual_structure.py
  -> PASS      t=1.453s  (cumulative 2764s)
[164/519] D:/ドキュメント/エントロピー/新膜宇宙論/これまでの軌跡/パイソン/github_release/core/sparc/sparc_sbdisk_photometric.py
  -> PASS      t=9.684s  (cumulative 2774s)
[165/519] D:/ドキュメント/エントロピー/新膜宇宙論/これまでの軌跡/パイソン/github_release/core/sparc/sparc_scatter_decomposition.py
  -> PASS      t=1.46s  (cumulative 2775s)
[166/519] D:/ドキュメント/エントロピー/新膜宇宙論/これまでの軌跡/パイソン/github_release/core/sparc/sparc_self_referential.py
  -> PASS      t=2.802s  (cumulative 2778s)
[167/519] D:/ドキュメント/エントロピー/新膜宇宙論/これまでの軌跡/パイソン/github_release/core/sparc/sparc_simpson_paradox.py
  -> PASS      t=1.405s  (cumulative 2780s)
[168/519] D:/ドキュメント/エントロピー/新膜宇宙論/これまでの軌跡/パイソン/github_release/core/sparc/sparc_sps_Yd_test.py
  -> FAIL      t=0.734s  (cumulative 2780s)
[169/519] D:/ドキュメント/エントロピー/新膜宇宙論/これまでの軌跡/パイソン/github_release/core/sparc/sparc_strain_gradient.py
  -> PASS      t=0.807s  (cumulative 2781s)
[170/519] D:/ドキュメント/エントロピー/新膜宇宙論/これまでの軌跡/パイソン/github_release/core/sparc/sparc_tautology_check.py
  -> PASS      t=0.979s  (cumulative 2782s)
[171/519] D:/ドキュメント/エントロピー/新膜宇宙論/これまでの軌跡/パイソン/github_release/core/sparc_fit/fit_tanh.py
  -> PASS      t=0.708s  (cumulative 2783s)
[172/519] D:/ドキュメント/エントロピー/新膜宇宙論/これまでの軌跡/パイソン/github_release/core/sparc_fit/fit_tanh2_all.py
  -> PASS      t=32.075s  (cumulative 2815s)
[173/519] D:/ドキュメント/エントロピー/新膜宇宙論/これまでの軌跡/パイソン/github_release/core/sparc_fit/fit_tanh2_ngc2403.py
  -> PASS      t=2.223s  (cumulative 2817s)
[174/519] D:/ドキュメント/エントロピー/新膜宇宙論/これまでの軌跡/パイソン/github_release/data_prep/compare_wl_catalogs.py
  -> PASS      t=48.434s  (cumulative 2865s)
[175/519] D:/ドキュメント/エントロピー/新膜宇宙論/これまでの軌跡/パイソン/github_release/forensic_anchors/v478_phase_b/phase_b_step3_jsondump_v1_fast.py
  -> FAIL      t=0.113s  (cumulative 2866s)
[176/519] D:/ドキュメント/エントロピー/新膜宇宙論/これまでの軌跡/パイソン/github_release/phase5/step5_2_M_v1/_step5_2_M_multi_route_min.py
  -> PASS      t=0.12s  (cumulative 2866s)
[177/519] D:/ドキュメント/エントロピー/新膜宇宙論/これまでの軌跡/パイソン/github_release/phase5/step5_2_M_v2/_step5_2_b2_cmb_tt_posterior.py
  -> PASS      t=0.76s  (cumulative 2866s)
[178/519] D:/ドキュメント/エントロピー/新膜宇宙論/これまでの軌跡/パイソン/github_release/reportlab_source/build_cross_reference_audit.py
  -> PASS      t=0.232s  (cumulative 2867s)
[179/519] D:/ドキュメント/エントロピー/新膜宇宙論/これまでの軌跡/パイソン/github_release/reportlab_source/build_foundation_integrated.py
  -> PASS      t=0.286s  (cumulative 2867s)
[180/519] D:/ドキュメント/エントロピー/新膜宇宙論/これまでの軌跡/パイソン/github_release/reportlab_source/build_membrane_v48_body.py
  -> PASS      t=0.27s  (cumulative 2867s)
[181/519] D:/ドキュメント/エントロピー/新膜宇宙論/これまでの軌跡/パイソン/github_release/theory/model_b_R_dependent_slope.py
  -> PASS      t=1.368s  (cumulative 2869s)
[182/519] D:/ドキュメント/エントロピー/新膜宇宙論/これまでの軌跡/パイソン/github_release/theory/model_b_kcross_origin.py
  -> FAIL      t=0.984s  (cumulative 2870s)
[183/519] D:/ドキュメント/エントロピー/新膜宇宙論/これまでの軌跡/パイソン/github_release/theory/model_b_slope_contribution_v2.py
  -> FAIL      t=0.962s  (cumulative 2871s)
[184/519] D:/ドキュメント/エントロピー/新膜宇宙論/これまでの軌跡/パイソン/github_release/theory/plasticity_direct_gc.py
  -> PASS      t=0.481s  (cumulative 2871s)
[185/519] D:/ドキュメント/エントロピー/新膜宇宙論/これまでの軌跡/パイソン/github_release/twohalo/f2h_empirical_slope_v2.py
  -> FAIL      t=0.494s  (cumulative 2872s)
[186/519] D:/ドキュメント/エントロピー/新膜宇宙論/これまでの軌跡/パイソン/github_release/twohalo/two_halo_slope_estimate.py
  -> PASS      t=1.254s  (cumulative 2873s)
[187/519] D:/ドキュメント/エントロピー/新膜宇宙論/これまでの軌跡/パイソン/github_release/twohalo/two_halo_slope_rigorous.py
  -> PASS      t=3.64s  (cumulative 2876s)
[188/519] D:/ドキュメント/エントロピー/新膜宇宙論/これまでの軌跡/パイソン/github_release/utils/extract_cluster_galaxies.py
  -> PASS      t=68.086s  (cumulative 2945s)
[189/519] D:/ドキュメント/エントロピー/新膜宇宙論/これまでの軌跡/パイソン/github_release/utils/fetch_cluster_photoz.py
  -> FAIL      t=0.039s  (cumulative 2945s)
[190/519] D:/ドキュメント/エントロピー/新膜宇宙論/これまでの軌跡/パイソン/github_release/utils/fetch_cluster_sources.py
  -> FAIL      t=0.039s  (cumulative 2945s)
[191/519] D:/ドキュメント/エントロピー/新膜宇宙論/これまでの軌跡/パイソン/github_update_package/github_update_package/github_update_package/commit_tree/reportlab_source/build_cross_reference_audit.py
  -> PASS      t=0.231s  (cumulative 2945s)
[192/519] D:/ドキュメント/エントロピー/新膜宇宙論/これまでの軌跡/パイソン/github_update_package/github_update_package/github_update_package/commit_tree/reportlab_source/build_foundation_integrated.py
  -> PASS      t=0.275s  (cumulative 2945s)
[193/519] D:/ドキュメント/エントロピー/新膜宇宙論/これまでの軌跡/パイソン/github_update_package/github_update_package/github_update_package/commit_tree/reportlab_source/build_membrane_v48_body.py
  -> PASS      t=0.26s  (cumulative 2945s)
[194/519] D:/ドキュメント/エントロピー/新膜宇宙論/これまでの軌跡/パイソン/hscSspQuery.py
  -> FAIL      t=0.176s  (cumulative 2946s)
[195/519] D:/ドキュメント/エントロピー/新膜宇宙論/これまでの軌跡/パイソン/hsc_query.py
  -> FAIL      t=0.167s  (cumulative 2946s)
[196/519] D:/ドキュメント/エントロピー/新膜宇宙論/これまでの軌跡/パイソン/hunter2012_correct.py
  -> PASS      t=1.728s  (cumulative 2947s)
[197/519] D:/ドキュメント/エントロピー/新膜宇宙論/これまでの軌跡/パイソン/hunter2012_fetch.py
  -> PASS      t=6.691s  (cumulative 2954s)
[198/519] D:/ドキュメント/エントロピー/新膜宇宙論/これまでの軌跡/パイソン/joint_analysis.py
  -> PASS      t=1.883s  (cumulative 2956s)
[199/519] D:/ドキュメント/エントロピー/新膜宇宙論/これまでの軌跡/パイソン/little_things_external_v1.py
  -> PASS      t=0.728s  (cumulative 2957s)
[200/519] D:/ドキュメント/エントロピー/新膜宇宙論/これまでの軌跡/パイソン/little_things_external_v2.py
  -> PASS      t=0.735s  (cumulative 2957s)
[201/519] D:/ドキュメント/エントロピー/新膜宇宙論/これまでの軌跡/パイソン/little_things_step2.py
  -> PASS      t=2.015s  (cumulative 2959s)
[202/519] D:/ドキュメント/エントロピー/新膜宇宙論/これまでの軌跡/パイソン/manga_v2.py
  -> PASS      t=1.844s  (cumulative 2961s)
[203/519] D:/ドキュメント/エントロピー/新膜宇宙論/これまでの軌跡/パイソン/manga_verification.py
  -> PASS      t=1.667s  (cumulative 2963s)
[204/519] D:/ドキュメント/エントロピー/新膜宇宙論/これまでの軌跡/パイソン/p1a_v2_reference_table.py
  -> PASS      t=0.402s  (cumulative 2963s)
[205/519] D:/ドキュメント/エントロピー/新膜宇宙論/これまでの軌跡/パイソン/partial_corr_gc_yd_fgas.py
  -> PASS      t=0.744s  (cumulative 2964s)
[206/519] D:/ドキュメント/エントロピー/新膜宇宙論/これまでの軌跡/パイソン/phase1/extract_cluster_galaxies.py
  -> PASS      t=68.448s  (cumulative 3033s)
[207/519] D:/ドキュメント/エントロピー/新膜宇宙論/これまでの軌跡/パイソン/phase1/fit_tanh.py
  -> PASS      t=0.711s  (cumulative 3033s)
[208/519] D:/ドキュメント/エントロピー/新膜宇宙論/これまでの軌跡/パイソン/phase1/fit_tanh2_all.py
  -> PASS      t=31.557s  (cumulative 3065s)
[209/519] D:/ドキュメント/エントロピー/新膜宇宙論/これまでの軌跡/パイソン/phase1/fit_tanh2_ngc2403.py
  -> PASS      t=2.18s  (cumulative 3067s)
[210/519] D:/ドキュメント/エントロピー/新膜宇宙論/これまでの軌跡/パイソン/phase1/plot_rotation.py
  -> PASS      t=1.373s  (cumulative 3068s)
[211/519] D:/ドキュメント/エントロピー/新膜宇宙論/これまでの軌跡/パイソン/phase1/summary_chi2.py
  -> PASS      t=0.367s  (cumulative 3069s)
[212/519] D:/ドキュメント/エントロピー/新膜宇宙論/これまでの軌跡/パイソン/phase5_3_step1_ngc3198_extract.py
  -> PASS      t=0.683s  (cumulative 3069s)
[213/519] D:/ドキュメント/エントロピー/新膜宇宙論/これまでの軌跡/パイソン/phase5_3_step2_c15_predict.py
  -> PASS      t=0.111s  (cumulative 3070s)
[214/519] D:/ドキュメント/エントロピー/新膜宇宙論/これまでの軌跡/パイソン/phase5_3_step3_nu_candidate_select.py
  -> PASS      t=0.365s  (cumulative 3070s)
[215/519] D:/ドキュメント/エントロピー/新膜宇宙論/これまでの軌跡/パイソン/phase_b_output/f2h_empirical_slope.py
  -> PASS      t=1.97s  (cumulative 3072s)
[216/519] D:/ドキュメント/エントロピー/新膜宇宙論/これまでの軌跡/パイソン/phase_b_output/f2h_empirical_slope_v2.py
  -> PASS      t=1.281s  (cumulative 3073s)
[217/519] D:/ドキュメント/エントロピー/新膜宇宙論/これまでの軌跡/パイソン/phase_b_step3_jsondump_v1_fast.py
  -> PASS      t=0.822s  (cumulative 3074s)
[218/519] D:/ドキュメント/エントロピー/新膜宇宙論/これまでの軌跡/パイソン/phase_c1_h1_quasi_negative_v1 (1).py
  -> FAIL      t=0.106s  (cumulative 3074s)
[219/519] D:/ドキュメント/エントロピー/新膜宇宙論/これまでの軌跡/パイソン/phase_c1_h1_quasi_negative_v1.py
  -> FAIL      t=0.109s  (cumulative 3074s)
[220/519] D:/ドキュメント/エントロピー/新膜宇宙論/これまでの軌跡/パイソン/phase_c2_step3_f_tidal.py
  -> PASS      t=0.862s  (cumulative 3075s)
[221/519] D:/ドキュメント/エントロピー/新膜宇宙論/これまでの軌跡/パイソン/phase_c2_step4_diag.py
  -> PASS      t=6.221s  (cumulative 3081s)
[222/519] D:/ドキュメント/エントロピー/新膜宇宙論/これまでの軌跡/パイソン/phase_c2_step4_direct.py
  -> PASS      t=10.32s  (cumulative 3092s)
[223/519] D:/ドキュメント/エントロピー/新膜宇宙論/これまでの軌跡/パイソン/phase_c2_step4_partial.py
  -> PASS      t=13.901s  (cumulative 3106s)
[224/519] D:/ドキュメント/エントロピー/新膜宇宙論/これまでの軌跡/パイソン/phase_c2_step4_variance.py
  -> PASS      t=4.133s  (cumulative 3110s)
[225/519] D:/ドキュメント/エントロピー/新膜宇宙論/これまでの軌跡/パイソン/phase_c3_mapping_m1_check.py
  -> PASS      t=1.13s  (cumulative 3111s)
[226/519] D:/ドキュメント/エントロピー/新膜宇宙論/これまでの軌跡/パイソン/phase_c3_step1_verification.py
  -> PASS      t=0.944s  (cumulative 3112s)
[227/519] D:/ドキュメント/エントロピー/新膜宇宙論/これまでの軌跡/パイソン/probes_Yd_free.py
  -> PASS      t=5.431s  (cumulative 3117s)
[228/519] D:/ドキュメント/エントロピー/新膜宇宙論/これまでの軌跡/パイソン/probes_vbar_pipeline.py
  -> TIMEOUT   t=120.026s  (cumulative 3237s)
[229/519] D:/ドキュメント/エントロピー/新膜宇宙論/これまでの軌跡/パイソン/probes_vbar_v2.py
  -> TIMEOUT   t=120.028s  (cumulative 3357s)
[230/519] D:/ドキュメント/エントロピー/新膜宇宙論/これまでの軌跡/パイソン/probes_verification.py
  -> TIMEOUT   t=120.029s  (cumulative 3477s)
[231/519] D:/ドキュメント/エントロピー/新膜宇宙論/これまでの軌跡/パイソン/s3_c_source_diagnostic.py
  -> PASS      t=2.86s  (cumulative 3480s)
[232/519] D:/ドキュメント/エントロピー/新膜宇宙論/これまでの軌跡/パイソン/s3_criterion4_redef_v1.py
  -> PASS      t=1.692s  (cumulative 3482s)
[233/519] D:/ドキュメント/エントロピー/新膜宇宙論/これまでの軌跡/パイソン/s3_path_b1_Tinterp.py
  -> PASS      t=0.413s  (cumulative 3482s)
[234/519] D:/ドキュメント/エントロピー/新膜宇宙論/これまでの軌跡/パイソン/s3_sparc_column_diagnostic.py
  -> PASS      t=0.73s  (cumulative 3483s)
[235/519] D:/ドキュメント/エントロピー/新膜宇宙論/これまでの軌跡/パイソン/s3_sparc_mrt_parser.py
  -> PASS      t=0.404s  (cumulative 3483s)
[236/519] D:/ドキュメント/エントロピー/新膜宇宙論/これまでの軌跡/パイソン/s3_tau_mem_sparc_v2.py
  -> PASS      t=1.877s  (cumulative 3485s)
[237/519] D:/ドキュメント/エントロピー/新膜宇宙論/これまでの軌跡/パイソン/s4_2_debye_vs_powerlaw.py
  -> PASS      t=2.367s  (cumulative 3488s)
[238/519] D:/ドキュメント/エントロピー/新膜宇宙論/これまでの軌跡/パイソン/s4_3_p2_convention_diagnostic.py
  -> PASS      t=1.537s  (cumulative 3489s)
[239/519] D:/ドキュメント/エントロピー/新膜宇宙論/これまでの軌跡/パイソン/s4_3_p2_hartigan_dip_exact.py
  -> FAIL      t=1.181s  (cumulative 3490s)
[240/519] D:/ドキュメント/エントロピー/新膜宇宙論/これまでの軌跡/パイソン/sofue2016_verify.py
  -> PASS      t=40.193s  (cumulative 3531s)
[241/519] D:/ドキュメント/エントロピー/新膜宇宙論/これまでの軌跡/パイソン/sparc_M3_M6_independence.py
  -> PASS      t=28.933s  (cumulative 3559s)
[242/519] D:/ドキュメント/エントロピー/新膜宇宙論/これまでの軌跡/パイソン/sparc_P2b_critical.py
  -> PASS      t=1.273s  (cumulative 3561s)
[243/519] D:/ドキュメント/エントロピー/新膜宇宙論/これまでの軌跡/パイソン/sparc_P3_domainwall.py
  -> PASS      t=1.325s  (cumulative 3562s)
[244/519] D:/ドキュメント/エントロピー/新膜宇宙論/これまでの軌跡/パイソン/sparc_P5_deepMOND.py
  -> PASS      t=1.415s  (cumulative 3563s)
[245/519] D:/ドキュメント/エントロピー/新膜宇宙論/これまでの軌跡/パイソン/sparc_Yd_sensitivity.py
  -> PASS      t=1.635s  (cumulative 3565s)
[246/519] D:/ドキュメント/エントロピー/新膜宇宙論/これまでの軌跡/パイソン/sparc_Yd_sensitivity_v2.py
  -> PASS      t=1.915s  (cumulative 3567s)
[247/519] D:/ドキュメント/エントロピー/新膜宇宙論/これまでの軌跡/パイソン/sparc_alpha_bar_gap.py
  -> PASS      t=1.36s  (cumulative 3568s)
[248/519] D:/ドキュメント/エントロピー/新膜宇宙論/これまでの軌跡/パイソン/sparc_alpha_bar_reanalysis.py
  -> PASS      t=1.634s  (cumulative 3570s)
[249/519] D:/ドキュメント/エントロピー/新膜宇宙論/これまでの軌跡/パイソン/sparc_alpha_decomposition.py
  -> PASS      t=1.612s  (cumulative 3572s)
[250/519] D:/ドキュメント/エントロピー/新膜宇宙論/これまでの軌跡/パイソン/sparc_alpha_reproduce.py
  -> PASS      t=1.429s  (cumulative 3573s)
[251/519] D:/ドキュメント/エントロピー/新膜宇宙論/これまでの軌跡/パイソン/sparc_btfr_withinbin.py
  -> PASS      t=2.222s  (cumulative 3575s)
[252/519] D:/ドキュメント/エントロピー/新膜宇宙論/これまでの軌跡/パイソン/sparc_cond14_15_integration.py
  -> PASS      t=2.821s  (cumulative 3578s)
[253/519] D:/ドキュメント/エントロピー/新膜宇宙論/これまでの軌跡/パイソン/sparc_cond14_local_mond.py
  -> PASS      t=2.522s  (cumulative 3581s)
[254/519] D:/ドキュメント/エントロピー/新膜宇宙論/これまでの軌跡/パイソン/sparc_cond14_residual.py
  -> PASS      t=0.849s  (cumulative 3581s)
[255/519] D:/ドキュメント/エントロピー/新膜宇宙論/これまでの軌跡/パイソン/sparc_cond15_alpha_transition.py
  -> PASS      t=1.758s  (cumulative 3583s)
[256/519] D:/ドキュメント/エントロピー/新膜宇宙論/これまでの軌跡/パイソン/sparc_cond15_bias_cond14_correction.py
  -> PASS      t=1.423s  (cumulative 3585s)
[257/519] D:/ドキュメント/エントロピー/新膜宇宙論/これまでの軌跡/パイソン/sparc_cond15_residual_structure.py
  -> PASS      t=1.492s  (cumulative 3586s)
[258/519] D:/ドキュメント/エントロピー/新膜宇宙論/これまでの軌跡/パイソン/sparc_cond15_sgal_model.py
  -> PASS      t=1.418s  (cumulative 3588s)
[259/519] D:/ドキュメント/エントロピー/新膜宇宙論/これまでの軌跡/パイソン/sparc_deep_mond_inversion.py
  -> PASS      t=4.06s  (cumulative 3592s)
[260/519] D:/ドキュメント/エントロピー/新膜宇宙論/これまでの軌跡/パイソン/sparc_deepmond_alphabar.py
  -> PASS      t=1.425s  (cumulative 3593s)
[261/519] D:/ドキュメント/エントロピー/新膜宇宙論/これまでの軌跡/パイソン/sparc_eta_derivation.py
  -> PASS      t=0.785s  (cumulative 3594s)
[262/519] D:/ドキュメント/エントロピー/新膜宇宙論/これまでの軌跡/パイソン/sparc_eta_yd_model.py
  -> PASS      t=1.512s  (cumulative 3595s)
[263/519] D:/ドキュメント/エントロピー/新膜宇宙論/これまでの軌跡/パイソン/sparc_gc_bias_correction.py
  -> PASS      t=2.392s  (cumulative 3598s)
[264/519] D:/ドキュメント/エントロピー/新膜宇宙論/これまでの軌跡/パイソン/sparc_gc_circularity_probes.py
  -> PASS      t=13.802s  (cumulative 3612s)
[265/519] D:/ドキュメント/エントロピー/新膜宇宙論/これまでの軌跡/パイソン/sparc_gc_method_comparison.py
  -> PASS      t=2.6s  (cumulative 3614s)
[266/519] D:/ドキュメント/エントロピー/新膜宇宙論/これまでの軌跡/パイソン/sparc_gc_method_systematics.py
  -> PASS      t=0.93s  (cumulative 3615s)
[267/519] D:/ドキュメント/エントロピー/新膜宇宙論/これまでの軌跡/パイソン/sparc_gc_photometric.py
  -> PASS      t=4.22s  (cumulative 3619s)
[268/519] D:/ドキュメント/エントロピー/新膜宇宙論/これまでの軌跡/パイソン/sparc_gc_photometric_v2.py
  -> PASS      t=5.888s  (cumulative 3625s)
[269/519] D:/ドキュメント/エントロピー/新膜宇宙論/これまでの軌跡/パイソン/sparc_gc_ratio_prediction.py
  -> PASS      t=0.743s  (cumulative 3626s)
[270/519] D:/ドキュメント/エントロピー/新膜宇宙論/これまでの軌跡/パイソン/sparc_gc_shape.py
  -> PASS      t=2.161s  (cumulative 3628s)
[271/519] D:/ドキュメント/エントロピー/新膜宇宙論/これまでの軌跡/パイソン/sparc_gc_ttype_partial_corr.py
  -> PASS      t=0.74s  (cumulative 3629s)
[272/519] D:/ドキュメント/エントロピー/新膜宇宙論/これまでの軌跡/パイソン/sparc_geometric_mean_verification.py
  -> PASS      t=3.498s  (cumulative 3632s)
[273/519] D:/ドキュメント/エントロピー/新膜宇宙論/これまでの軌跡/パイソン/sparc_grad_ratio_detail.py
  -> PASS      t=3.099s  (cumulative 3635s)
[274/519] D:/ドキュメント/エントロピー/新膜宇宙論/これまでの軌跡/パイソン/sparc_hR_decomposition.py
  -> PASS      t=0.842s  (cumulative 3636s)
[275/519] D:/ドキュメント/エントロピー/新膜宇宙論/これまでの軌跡/パイソン/sparc_hR_definition_check.py
  -> PASS      t=1.428s  (cumulative 3638s)
[276/519] D:/ドキュメント/エントロピー/新膜宇宙論/これまでの軌跡/パイソン/sparc_hR_free_exploration.py
  -> FAIL      t=1.382s  (cumulative 3639s)
[277/519] D:/ドキュメント/エントロピー/新膜宇宙論/これまでの軌跡/パイソン/sparc_hR_free_exploration_v2.py
  -> PASS      t=1.414s  (cumulative 3640s)
[278/519] D:/ドキュメント/エントロピー/新膜宇宙論/これまでの軌跡/パイソン/sparc_hR_free_exploration_v3.py
  -> PASS      t=1.44s  (cumulative 3642s)
[279/519] D:/ドキュメント/エントロピー/新膜宇宙論/これまでの軌跡/パイソン/sparc_hR_residual31.py
  -> PASS      t=0.865s  (cumulative 3643s)
[280/519] D:/ドキュメント/エントロピー/新膜宇宙論/これまでの軌跡/パイソン/sparc_jackknife_extended.py
  -> PASS      t=2.64s  (cumulative 3645s)
[281/519] D:/ドキュメント/エントロピー/新膜宇宙論/これまでの軌跡/パイソン/sparc_kappa_circularity.py
  -> PASS      t=6.325s  (cumulative 3652s)
[282/519] D:/ドキュメント/エントロピー/新膜宇宙論/これまでの軌跡/パイソン/sparc_kappa_estimation.py
  -> PASS      t=2.066s  (cumulative 3654s)
[283/519] D:/ドキュメント/エントロピー/新膜宇宙論/これまでの軌跡/パイソン/sparc_kappa_estimation_v2.py
  -> PASS      t=1.75s  (cumulative 3656s)
[284/519] D:/ドキュメント/エントロピー/新膜宇宙論/これまでの軌跡/パイソン/sparc_kappa_nonlinear.py
  -> TIMEOUT   t=120.022s  (cumulative 3776s)
[285/519] D:/ドキュメント/エントロピー/新膜宇宙論/これまでの軌跡/パイソン/sparc_littlethings_c15.py
  -> PASS      t=0.805s  (cumulative 3776s)
[286/519] D:/ドキュメント/エントロピー/新膜宇宙論/これまでの軌跡/パイソン/sparc_mbtfr_slope.py
  -> PASS      t=1.422s  (cumulative 3778s)
[287/519] D:/ドキュメント/エントロピー/新膜宇宙論/これまでの軌跡/パイソン/sparc_mu_transition.py
  -> PASS      t=1.593s  (cumulative 3779s)
[288/519] D:/ドキュメント/エントロピー/新膜宇宙論/これまでの軌跡/パイソン/sparc_plasticity_analysis.py
  -> PASS      t=1.668s  (cumulative 3781s)
[289/519] D:/ドキュメント/エントロピー/新膜宇宙論/これまでの軌跡/パイソン/sparc_residual_structure.py
  -> PASS      t=1.462s  (cumulative 3783s)
[290/519] D:/ドキュメント/エントロピー/新膜宇宙論/これまでの軌跡/パイソン/sparc_sbdisk_photometric.py
  -> PASS      t=9.571s  (cumulative 3792s)
[291/519] D:/ドキュメント/エントロピー/新膜宇宙論/これまでの軌跡/パイソン/sparc_scatter_decomposition.py
  -> PASS      t=1.44s  (cumulative 3794s)
[292/519] D:/ドキュメント/エントロピー/新膜宇宙論/これまでの軌跡/パイソン/sparc_self_referential.py
  -> PASS      t=2.841s  (cumulative 3796s)
[293/519] D:/ドキュメント/エントロピー/新膜宇宙論/これまでの軌跡/パイソン/sparc_simpson_paradox.py
  -> PASS      t=1.43s  (cumulative 3798s)
[294/519] D:/ドキュメント/エントロピー/新膜宇宙論/これまでの軌跡/パイソン/sparc_sps_Yd_test.py
  -> PASS      t=1.472s  (cumulative 3799s)
[295/519] D:/ドキュメント/エントロピー/新膜宇宙論/これまでの軌跡/パイソン/sparc_strain_gradient.py
  -> PASS      t=0.823s  (cumulative 3800s)
[296/519] D:/ドキュメント/エントロピー/新膜宇宙論/これまでの軌跡/パイソン/sparc_tautology_check.py
  -> PASS      t=1.016s  (cumulative 3801s)
[297/519] D:/ドキュメント/エントロピー/新膜宇宙論/これまでの軌跡/パイソン/step1_f_functional_form.py
  -> PASS      t=1.38s  (cumulative 3803s)
[298/519] D:/ドキュメント/エントロピー/新膜宇宙論/これまでの軌跡/パイソン/step3_overdamped_test.py
  -> PASS      t=0.922s  (cumulative 3803s)
[299/519] D:/ドキュメント/エントロピー/新膜宇宙論/これまでの軌跡/パイソン/step3_overdamped_v2.py
  -> PASS      t=0.942s  (cumulative 3804s)
[300/519] D:/ドキュメント/エントロピー/新膜宇宙論/これまでの軌跡/パイソン/step3_overdamped_v3.py
  -> PASS      t=0.929s  (cumulative 3805s)
[301/519] D:/ドキュメント/エントロピー/新膜宇宙論/これまでの軌跡/パイソン/step3_overdamped_v4.py
  -> PASS      t=0.926s  (cumulative 3806s)
[302/519] D:/ドキュメント/エントロピー/新膜宇宙論/これまでの軌跡/パイソン/step3_verifyA.py
  -> PASS      t=1.156s  (cumulative 3807s)
[303/519] D:/ドキュメント/エントロピー/新膜宇宙論/これまでの軌跡/パイソン/step4A_boundary.py
  -> PASS      t=2.828s  (cumulative 3810s)
[304/519] D:/ドキュメント/エントロピー/新膜宇宙論/これまでの軌跡/パイソン/step4B_sparc_all.py
  -> PASS      t=2.75s  (cumulative 3813s)
[305/519] D:/ドキュメント/エントロピー/新膜宇宙論/これまでの軌跡/パイソン/step4_alpha_analysis.py
  -> PASS      t=1.586s  (cumulative 3815s)
[306/519] D:/ドキュメント/エントロピー/新膜宇宙論/これまでの軌跡/パイソン/step5_v21_exp.py
  -> PASS      t=1.779s  (cumulative 3816s)
[307/519] D:/ドキュメント/エントロピー/新膜宇宙論/これまでの軌跡/パイソン/step5_v21_fit.py
  -> PASS      t=1.718s  (cumulative 3818s)
[308/519] D:/ドキュメント/エントロピー/新膜宇宙論/これまでの軌跡/パイソン/step5_v22.py
  -> PASS      t=2.237s  (cumulative 3820s)
[309/519] D:/ドキュメント/エントロピー/新膜宇宙論/これまでの軌跡/パイソン/step5_v23.py
  -> PASS      t=2.3s  (cumulative 3823s)
[310/519] D:/ドキュメント/エントロピー/新膜宇宙論/これまでの軌跡/パイソン/step5_v24.py
  -> PASS      t=2.461s  (cumulative 3825s)
[311/519] D:/ドキュメント/エントロピー/新膜宇宙論/これまでの軌跡/パイソン/step5_v25.py
  -> PASS      t=2.919s  (cumulative 3828s)
[312/519] D:/ドキュメント/エントロピー/新膜宇宙論/これまでの軌跡/パイソン/step5_v26.py
  -> PASS      t=3.09s  (cumulative 3831s)
[313/519] D:/ドキュメント/エントロピー/新膜宇宙論/これまでの軌跡/パイソン/step_iv_d_firas_mu_bound.py
  -> PASS      t=1.31s  (cumulative 3832s)
[314/519] D:/ドキュメント/エントロピー/新膜宇宙論/これまでの軌跡/パイソン/ta1_step2_freeman_scaling.py
  -> PASS      t=2.879s  (cumulative 3835s)
[315/519] D:/ドキュメント/エントロピー/新膜宇宙論/これまでの軌跡/パイソン/ta2_w_free_vs_rs_t3.py
  -> PASS      t=3.149s  (cumulative 3838s)
[316/519] D:/ドキュメント/エントロピー/新膜宇宙論/これまでの軌跡/パイソン/theory/model_b_R_dependent_slope.py
  -> PASS      t=1.393s  (cumulative 3840s)
[317/519] D:/ドキュメント/エントロピー/新膜宇宙論/これまでの軌跡/パイソン/theory/model_b_kcross_origin.py
  -> PASS      t=6.429s  (cumulative 3846s)
[318/519] D:/ドキュメント/エントロピー/新膜宇宙論/これまでの軌跡/パイソン/theory/model_b_slope_contribution_v2.py
  -> PASS      t=34.921s  (cumulative 3881s)
[319/519] D:/ドキュメント/エントロピー/新膜宇宙論/これまでの軌跡/パイソン/theory/plasticity_direct_gc.py
  -> PASS      t=2.633s  (cumulative 3884s)
[320/519] D:/ドキュメント/エントロピー/新膜宇宙論/これまでの軌跡/パイソン/theory/plasticity_self_consistent.py
  -> PASS      t=2.632s  (cumulative 3886s)
[321/519] D:/ドキュメント/エントロピー/新膜宇宙論/これまでの軌跡/パイソン/twohalo/two_halo_slope_estimate.py
  -> PASS      t=1.261s  (cumulative 3888s)
[322/519] D:/ドキュメント/エントロピー/新膜宇宙論/これまでの軌跡/パイソン/twohalo/two_halo_slope_rigorous.py
  -> PASS      t=3.579s  (cumulative 3891s)
[323/519] D:/ドキュメント/エントロピー/新膜宇宙論/これまでの軌跡/パイソン/v2.0のtanhモデルをSPARCの複数銀河でフィッティング/step5_v21_exp.py
  -> PASS      t=1.796s  (cumulative 3893s)
[324/519] D:/ドキュメント/エントロピー/新膜宇宙論/これまでの軌跡/パイソン/v2.0のtanhモデルをSPARCの複数銀河でフィッティング/step5_v21_fit.py
  -> PASS      t=1.731s  (cumulative 3895s)
[325/519] D:/ドキュメント/エントロピー/新膜宇宙論/これまでの軌跡/パイソン/v2.0のtanhモデルをSPARCの複数銀河でフィッティング/step5_v22.py
  -> PASS      t=2.267s  (cumulative 3897s)
[326/519] D:/ドキュメント/エントロピー/新膜宇宙論/これまでの軌跡/パイソン/v2.0のtanhモデルをSPARCの複数銀河でフィッティング/step5_v23.py
  -> PASS      t=2.351s  (cumulative 3899s)
[327/519] D:/ドキュメント/エントロピー/新膜宇宙論/これまでの軌跡/パイソン/v2.0のtanhモデルをSPARCの複数銀河でフィッティング/step5_v24.py
  -> PASS      t=2.52s  (cumulative 3902s)
[328/519] D:/ドキュメント/エントロピー/新膜宇宙論/これまでの軌跡/パイソン/v2.0のtanhモデルをSPARCの複数銀河でフィッティング/step5_v25.py
  -> PASS      t=2.971s  (cumulative 3905s)
[329/519] D:/ドキュメント/エントロピー/新膜宇宙論/これまでの軌跡/パイソン/v2.0のtanhモデルをSPARCの複数銀河でフィッティング/step5_v26.py
  -> PASS      t=3.122s  (cumulative 3908s)
[330/519] D:/ドキュメント/エントロピー/新膜宇宙論/これまでの軌跡/パイソン/新しいフォルダー/github_update_package/github_update_package/commit_tree/reportlab_source/build_cross_reference_audit.py
  -> PASS      t=0.234s  (cumulative 3908s)
[331/519] D:/ドキュメント/エントロピー/新膜宇宙論/これまでの軌跡/パイソン/新しいフォルダー/github_update_package/github_update_package/commit_tree/reportlab_source/build_foundation_integrated.py
  -> PASS      t=0.277s  (cumulative 3909s)
[332/519] D:/ドキュメント/エントロピー/新膜宇宙論/これまでの軌跡/パイソン/新しいフォルダー/github_update_package/github_update_package/commit_tree/reportlab_source/build_membrane_v48_body.py
  -> PASS      t=0.262s  (cumulative 3909s)
[333/519] D:/ドキュメント/エントロピー/膜宇宙論再考察AB効果有り/C3 拡張版仮説関連/build_cross_reference_audit.py
  -> PASS      t=0.24s  (cumulative 3909s)
[334/519] D:/ドキュメント/エントロピー/膜宇宙論再考察AB効果有り/C3 拡張版仮説関連/build_foundation_integrated.py
  -> PASS      t=0.268s  (cumulative 3909s)
[335/519] D:/ドキュメント/エントロピー/膜宇宙論再考察AB効果有り/C3 拡張版仮説関連/build_membrane_v48_body.py
  -> PASS      t=0.261s  (cumulative 3910s)
[336/519] D:/ドキュメント/エントロピー/膜宇宙論再考察AB効果有り/C3 拡張版仮説関連/foundation/foundation_gamma_actual.py
  -> PASS      t=1.11s  (cumulative 3911s)
[337/519] D:/ドキュメント/エントロピー/膜宇宙論再考察AB効果有り/C3 拡張版仮説関連/foundation_gamma_actual.py
  -> PASS      t=1.157s  (cumulative 3912s)
[338/519] D:/ドキュメント/エントロピー/膜宇宙論再考察AB効果有り/C3 拡張版仮説関連/github_update_package/github_update_package/commit_tree/reportlab_source/build_cross_reference_audit.py
  -> PASS      t=0.239s  (cumulative 3912s)
[339/519] D:/ドキュメント/エントロピー/膜宇宙論再考察AB効果有り/C3 拡張版仮説関連/github_update_package/github_update_package/commit_tree/reportlab_source/build_foundation_integrated.py
  -> PASS      t=0.278s  (cumulative 3912s)
[340/519] D:/ドキュメント/エントロピー/膜宇宙論再考察AB効果有り/C3 拡張版仮説関連/github_update_package/github_update_package/commit_tree/reportlab_source/build_membrane_v48_body.py
  -> PASS      t=0.264s  (cumulative 3913s)
[341/519] D:/ドキュメント/エントロピー/膜宇宙論再考察AB効果有り/C3 拡張版仮説関連/github_update_package/github_update_package/github_update_package/commit_tree/reportlab_source/build_cross_reference_audit.py
  -> PASS      t=0.228s  (cumulative 3913s)
[342/519] D:/ドキュメント/エントロピー/膜宇宙論再考察AB効果有り/C3 拡張版仮説関連/github_update_package/github_update_package/github_update_package/commit_tree/reportlab_source/build_foundation_integrated.py
  -> PASS      t=0.282s  (cumulative 3913s)
[343/519] D:/ドキュメント/エントロピー/膜宇宙論再考察AB効果有り/C3 拡張版仮説関連/github_update_package/github_update_package/github_update_package/commit_tree/reportlab_source/build_membrane_v48_body.py
  -> PASS      t=0.261s  (cumulative 3913s)
[344/519] D:/ドキュメント/エントロピー/膜宇宙論再考察AB効果有り/C3 拡張版仮説関連/v48_release (1)/v48_release/reportlab_source/build_cross_reference_audit.py
  -> PASS      t=0.226s  (cumulative 3914s)
[345/519] D:/ドキュメント/エントロピー/膜宇宙論再考察AB効果有り/C3 拡張版仮説関連/v48_release (1)/v48_release/reportlab_source/build_foundation_integrated.py
  -> PASS      t=0.275s  (cumulative 3914s)
[346/519] D:/ドキュメント/エントロピー/膜宇宙論再考察AB効果有り/C3 拡張版仮説関連/v48_release (1)/v48_release/reportlab_source/build_membrane_v48_body.py
  -> PASS      t=0.266s  (cumulative 3914s)
[347/519] D:/ドキュメント/エントロピー/膜宇宙論再考察AB効果有り/C3 拡張版仮説関連/v48_release (3)/v48_release/reportlab_source/build_cross_reference_audit.py
  -> PASS      t=0.232s  (cumulative 3914s)
[348/519] D:/ドキュメント/エントロピー/膜宇宙論再考察AB効果有り/C3 拡張版仮説関連/v48_release (3)/v48_release/reportlab_source/build_foundation_integrated.py
  -> PASS      t=0.275s  (cumulative 3915s)
[349/519] D:/ドキュメント/エントロピー/膜宇宙論再考察AB効果有り/C3 拡張版仮説関連/v48_release (3)/v48_release/reportlab_source/build_membrane_v48_body.py
  -> PASS      t=0.261s  (cumulative 3915s)
[350/519] D:/ドキュメント/エントロピー/膜宇宙論再考察AB効果有り/C3 拡張版仮説関連/v48_release/v48_release/reportlab_source/build_cross_reference_audit.py
  -> PASS      t=0.232s  (cumulative 3915s)
[351/519] D:/ドキュメント/エントロピー/膜宇宙論再考察AB効果有り/C3 拡張版仮説関連/v48_release/v48_release/reportlab_source/build_foundation_integrated.py
  -> PASS      t=0.269s  (cumulative 3915s)
[352/519] D:/ドキュメント/エントロピー/膜宇宙論再考察AB効果有り/C3 拡張版仮説関連/v48_release/v48_release/reportlab_source/build_membrane_v48_body.py
  -> PASS      t=0.26s  (cumulative 3916s)
[353/519] D:/ドキュメント/エントロピー/膜宇宙論再考察AB効果有り/C3 拡張版仮説関連/v48_release_bilingual_v2/v48_release/reportlab_source/build_cross_reference_audit.py
  -> PASS      t=0.235s  (cumulative 3916s)
[354/519] D:/ドキュメント/エントロピー/膜宇宙論再考察AB効果有り/C3 拡張版仮説関連/v48_release_bilingual_v2/v48_release/reportlab_source/build_foundation_integrated.py
  -> PASS      t=0.276s  (cumulative 3916s)
[355/519] D:/ドキュメント/エントロピー/膜宇宙論再考察AB効果有り/C3 拡張版仮説関連/v48_release_bilingual_v2/v48_release/reportlab_source/build_membrane_v48_body.py
  -> PASS      t=0.278s  (cumulative 3916s)
[356/519] D:/ドキュメント/エントロピー/膜宇宙論再考察AB効果有り/C3 拡張版仮説関連/v48_release_bilingual_v3/v48_release/reportlab_source/build_cross_reference_audit.py
  -> PASS      t=0.237s  (cumulative 3917s)
[357/519] D:/ドキュメント/エントロピー/膜宇宙論再考察AB効果有り/C3 拡張版仮説関連/v48_release_bilingual_v3/v48_release/reportlab_source/build_foundation_integrated.py
  -> PASS      t=0.279s  (cumulative 3917s)
[358/519] D:/ドキュメント/エントロピー/膜宇宙論再考察AB効果有り/C3 拡張版仮説関連/v48_release_bilingual_v3/v48_release/reportlab_source/build_membrane_v48_body.py
  -> PASS      t=0.269s  (cumulative 3917s)
[359/519] D:/ドキュメント/エントロピー/膜宇宙論再考察AB効果有り/C3 拡張版仮説関連2/_anchor_verify.py
  -> PASS      t=0.128s  (cumulative 3917s)
[360/519] D:/ドキュメント/エントロピー/膜宇宙論再考察AB効果有り/C3 拡張版仮説関連2/_apply_b1_phase2.py
  -> FAIL      t=0.051s  (cumulative 3917s)
[361/519] D:/ドキュメント/エントロピー/膜宇宙論再考察AB効果有り/C3 拡張版仮説関連2/_phase4_grep_audit.py
  -> FAIL      t=44.373s  (cumulative 3962s)
[362/519] D:/ドキュメント/エントロピー/膜宇宙論再考察AB効果有り/C3 拡張版仮説関連2/_phase4_grep_audit_v2.py
  -> TIMEOUT   t=120.209s  (cumulative 4082s)
[363/519] D:/ドキュメント/エントロピー/膜宇宙論再考察AB効果有り/C3 拡張版仮説関連2/_step5_2_M_v1_canonical_commit.py
  -> FAIL      t=0.126s  (cumulative 4082s)
[364/519] D:/ドキュメント/エントロピー/膜宇宙論再考察AB効果有り/C3 拡張版仮説関連2/_step5_2_b2_cmb_tt_posterior.py
  -> PASS      t=0.755s  (cumulative 4083s)
[365/519] D:/ドキュメント/エントロピー/膜宇宙論再考察AB効果有り/C3 拡張版仮説関連2/_step5_2_method2_a1_epsilon_scale_grep.py
  -> PASS      t=4.087s  (cumulative 4087s)
[366/519] D:/ドキュメント/エントロピー/膜宇宙論再考察AB効果有り/C3 拡張版仮説関連2/build_contamination_map (1).py
  -> FAIL      t=0.172s  (cumulative 4087s)
[367/519] D:/ドキュメント/エントロピー/膜宇宙論再考察AB効果有り/C3 拡張版仮説関連2/build_contamination_map.py
  -> FAIL      t=0.154s  (cumulative 4087s)
[368/519] D:/ドキュメント/エントロピー/膜宇宙論再考察AB効果有り/C3 拡張版仮説関連2/build_en_erratum_draft.py
  -> FAIL      t=0.151s  (cumulative 4087s)
[369/519] D:/ドキュメント/エントロピー/膜宇宙論再考察AB効果有り/C3 拡張版仮説関連2/build_en_erratum_draft_v1_1.py
  -> FAIL      t=0.148s  (cumulative 4088s)
[370/519] D:/ドキュメント/エントロピー/膜宇宙論再考察AB効果有り/C3 拡張版仮説関連2/build_erratum_draft (1).py
  -> FAIL      t=0.152s  (cumulative 4088s)
[371/519] D:/ドキュメント/エントロピー/膜宇宙論再考察AB効果有り/C3 拡張版仮説関連2/build_erratum_draft.py
  -> FAIL      t=0.155s  (cumulative 4088s)
[372/519] D:/ドキュメント/エントロピー/膜宇宙論再考察AB効果有り/C3 拡張版仮説関連2/build_erratum_draft_v1_1.py
  -> FAIL      t=0.149s  (cumulative 4088s)
[373/519] D:/ドキュメント/エントロピー/膜宇宙論再考察AB効果有り/C3 拡張版仮説関連2/build_foundation_gamma_actual_result.py
  -> FAIL      t=0.156s  (cumulative 4088s)
[374/519] D:/ドキュメント/エントロピー/膜宇宙論再考察AB効果有り/C3 拡張版仮説関連2/build_foundation_gamma_actual_result_final.py
  -> FAIL      t=0.159s  (cumulative 4088s)
[375/519] D:/ドキュメント/エントロピー/膜宇宙論再考察AB効果有り/C3 拡張版仮説関連2/build_foundation_v49_patch.py
  -> FAIL      t=0.148s  (cumulative 4089s)
[376/519] D:/ドキュメント/エントロピー/膜宇宙論再考察AB効果有り/C3 拡張版仮説関連2/build_phase4b_1L_local_void.py
  -> FAIL      t=0.147s  (cumulative 4089s)
[377/519] D:/ドキュメント/エントロピー/膜宇宙論再考察AB効果有り/C3 拡張版仮説関連2/build_s1_v2_1.py
  -> FAIL      t=0.151s  (cumulative 4089s)
[378/519] D:/ドキュメント/エントロピー/膜宇宙論再考察AB効果有り/C3 拡張版仮説関連2/build_s3_v2_1.py
  -> FAIL      t=0.151s  (cumulative 4089s)
[379/519] D:/ドキュメント/エントロピー/膜宇宙論再考察AB効果有り/C3 拡張版仮説関連2/build_s4_5_gamma_actual_playbook.py
  -> FAIL      t=0.148s  (cumulative 4089s)
[380/519] D:/ドキュメント/エントロピー/膜宇宙論再考察AB効果有り/C3 拡張版仮説関連2/build_s4_5_gamma_actual_verification_report.py
  -> FAIL      t=0.154s  (cumulative 4089s)
[381/519] D:/ドキュメント/エントロピー/膜宇宙論再考察AB効果有り/C3 拡張版仮説関連2/c3_3c_p2_void_impl.py
  -> PASS      t=0.623s  (cumulative 4090s)
[382/519] D:/ドキュメント/エントロピー/膜宇宙論再考察AB効果有り/C3 拡張版仮説関連2/foundation_gamma_actual.py
  -> PASS      t=1.118s  (cumulative 4091s)
[383/519] D:/ドキュメント/エントロピー/膜宇宙論再考察AB効果有り/C3 拡張版仮説関連2/s3_criterion4_redef_v1.py
  -> FAIL      t=1.131s  (cumulative 4092s)
[384/519] D:/ドキュメント/エントロピー/膜宇宙論再考察AB効果有り/C3 拡張版仮説関連2/s3_tau_mem_sparc.py
  -> PASS      t=0.612s  (cumulative 4093s)
[385/519] D:/ドキュメント/エントロピー/膜宇宙論再考察AB効果有り/build_draft_sec77_full.py
  -> PASS      t=0.227s  (cumulative 4093s)
[386/519] D:/ドキュメント/エントロピー/膜宇宙論再考察AB効果有り/build_draft_sec77_p1 (1).py
  -> FAIL      t=0.204s  (cumulative 4093s)
[387/519] D:/ドキュメント/エントロピー/膜宇宙論再考察AB効果有り/build_draft_sec77_p1.py
  -> PASS      t=0.281s  (cumulative 4093s)
[388/519] D:/ドキュメント/エントロピー/膜宇宙論再考察AB効果有り/build_draft_sec77_p2 (1).py
  -> FAIL      t=0.206s  (cumulative 4094s)
[389/519] D:/ドキュメント/エントロピー/膜宇宙論再考察AB効果有り/build_draft_sec77_p2.py
  -> PASS      t=0.287s  (cumulative 4094s)
[390/519] D:/ドキュメント/エントロピー/膜宇宙論再考察AB効果有り/files (4)/v478_release/v478_release/scripts/membrane_arxiv_v478.py
  -> FAIL      t=0.271s  (cumulative 4094s)
[391/519] D:/ドキュメント/エントロピー/膜宇宙論再考察AB効果有り/github_work/Public/archive/cluster_old/cluster_stack.py
  -> PASS      t=0.71s  (cumulative 4095s)
[392/519] D:/ドキュメント/エントロピー/膜宇宙論再考察AB効果有り/github_work/Public/archive/cluster_old/cluster_stack_v2.py
  -> PASS      t=0.494s  (cumulative 4095s)
[393/519] D:/ドキュメント/エントロピー/膜宇宙論再考察AB効果有り/github_work/Public/archive/cluster_old/cluster_stack_v2b.py
  -> PASS      t=0.693s  (cumulative 4096s)
[394/519] D:/ドキュメント/エントロピー/膜宇宙論再考察AB効果有り/github_work/Public/archive/hsc_old/hscSspQuery.py
  -> FAIL      t=0.171s  (cumulative 4096s)
[395/519] D:/ドキュメント/エントロピー/膜宇宙論再考察AB効果有り/github_work/Public/archive/hsc_old/hsc_query.py
  -> FAIL      t=0.169s  (cumulative 4096s)
[396/519] D:/ドキュメント/エントロピー/膜宇宙論再考察AB効果有り/github_work/Public/archive/retracted/f2h_empirical_slope.py
  -> PASS      t=0.493s  (cumulative 4097s)
[397/519] D:/ドキュメント/エントロピー/膜宇宙論再考察AB効果有り/github_work/Public/archive/retracted/model_b_slope_contribution.py
  -> PASS      t=19.949s  (cumulative 4117s)
[398/519] D:/ドキュメント/エントロピー/膜宇宙論再考察AB効果有り/github_work/Public/archive/retracted/plasticity_self_consistent.py
  -> PASS      t=2.255s  (cumulative 4119s)
[399/519] D:/ドキュメント/エントロピー/膜宇宙論再考察AB効果有り/github_work/Public/archive/step3_old/step3_overdamped_test.py
  -> PASS      t=0.912s  (cumulative 4120s)
[400/519] D:/ドキュメント/エントロピー/膜宇宙論再考察AB効果有り/github_work/Public/archive/step3_old/step3_overdamped_v2.py
  -> PASS      t=0.912s  (cumulative 4121s)
[401/519] D:/ドキュメント/エントロピー/膜宇宙論再考察AB効果有り/github_work/Public/archive/step3_old/step3_overdamped_v3.py
  -> PASS      t=0.904s  (cumulative 4122s)
[402/519] D:/ドキュメント/エントロピー/膜宇宙論再考察AB効果有り/github_work/Public/archive/step3_old/step3_overdamped_v4.py
  -> PASS      t=0.93s  (cumulative 4123s)
[403/519] D:/ドキュメント/エントロピー/膜宇宙論再考察AB効果有り/github_work/Public/archive/step3_old/step3_verifyA.py
  -> PASS      t=1.118s  (cumulative 4124s)
[404/519] D:/ドキュメント/エントロピー/膜宇宙論再考察AB効果有り/github_work/Public/archive/step5_versions/step5_v21_exp.py
  -> PASS      t=1.761s  (cumulative 4126s)
[405/519] D:/ドキュメント/エントロピー/膜宇宙論再考察AB効果有り/github_work/Public/archive/step5_versions/step5_v21_fit.py
  -> PASS      t=1.676s  (cumulative 4127s)
[406/519] D:/ドキュメント/エントロピー/膜宇宙論再考察AB効果有り/github_work/Public/archive/step5_versions/step5_v22.py
  -> PASS      t=2.174s  (cumulative 4130s)
[407/519] D:/ドキュメント/エントロピー/膜宇宙論再考察AB効果有り/github_work/Public/archive/step5_versions/step5_v23.py
  -> PASS      t=2.273s  (cumulative 4132s)
[408/519] D:/ドキュメント/エントロピー/膜宇宙論再考察AB効果有り/github_work/Public/archive/step5_versions/step5_v24.py
  -> PASS      t=2.455s  (cumulative 4134s)
[409/519] D:/ドキュメント/エントロピー/膜宇宙論再考察AB効果有り/github_work/Public/archive/step5_versions/step5_v25.py
  -> PASS      t=2.892s  (cumulative 4137s)
[410/519] D:/ドキュメント/エントロピー/膜宇宙論再考察AB効果有り/github_work/Public/archive/step5_versions/step5_v26.py
  -> PASS      t=3.068s  (cumulative 4140s)
[411/519] D:/ドキュメント/エントロピー/膜宇宙論再考察AB効果有り/github_work/Public/archive/step_legacy/step1_f_functional_form.py
  -> FAIL      t=0.951s  (cumulative 4141s)
[412/519] D:/ドキュメント/エントロピー/膜宇宙論再考察AB効果有り/github_work/Public/archive/step_legacy/step4_alpha_analysis.py
  -> PASS      t=1.563s  (cumulative 4143s)
[413/519] D:/ドキュメント/エントロピー/膜宇宙論再考察AB効果有り/github_work/Public/core/clusters/cl1_center_optimize.py
  -> PASS      t=0.675s  (cumulative 4143s)
[414/519] D:/ドキュメント/エントロピー/膜宇宙論再考察AB効果有り/github_work/Public/core/clusters/cl1_center_v2.py
  -> PASS      t=0.659s  (cumulative 4144s)
[415/519] D:/ドキュメント/エントロピー/膜宇宙論再考察AB効果有り/github_work/Public/core/clusters/cl1_cl3_stack.py
  -> PASS      t=0.724s  (cumulative 4145s)
[416/519] D:/ドキュメント/エントロピー/膜宇宙論再考察AB効果有り/github_work/Public/core/clusters/cl1_modelB_fit.py
  -> PASS      t=109.743s  (cumulative 4255s)
[417/519] D:/ドキュメント/エントロピー/膜宇宙論再考察AB効果有り/github_work/Public/core/clusters/cl1_model_fit.py
  -> PASS      t=7.806s  (cumulative 4262s)
[418/519] D:/ドキュメント/エントロピー/膜宇宙論再考察AB効果有り/github_work/Public/core/clusters/cluster_stack_v3.py
  -> PASS      t=4.563s  (cumulative 4267s)
[419/519] D:/ドキュメント/エントロピー/膜宇宙論再考察AB効果有り/github_work/Public/core/clusters/cluster_stack_v3_fix.py
  -> PASS      t=4.639s  (cumulative 4272s)
[420/519] D:/ドキュメント/エントロピー/膜宇宙論再考察AB効果有り/github_work/Public/core/clusters/cluster_stack_v3_fix2.py
  -> PASS      t=0.759s  (cumulative 4272s)
[421/519] D:/ドキュメント/エントロピー/膜宇宙論再考察AB効果有り/github_work/Public/core/dwarfs/edge_c15_extension.py
  -> PASS      t=1.003s  (cumulative 4273s)
[422/519] D:/ドキュメント/エントロピー/膜宇宙論再考察AB効果有り/github_work/Public/core/dwarfs/hunter2012_correct.py
  -> FAIL      t=0.773s  (cumulative 4274s)
[423/519] D:/ドキュメント/エントロピー/膜宇宙論再考察AB効果有り/github_work/Public/core/dwarfs/hunter2012_fetch.py
  -> FAIL      t=8.728s  (cumulative 4283s)
[424/519] D:/ドキュメント/エントロピー/膜宇宙論再考察AB効果有り/github_work/Public/core/dwarfs/little_things_step2.py
  -> FAIL      t=0.735s  (cumulative 4284s)
[425/519] D:/ドキュメント/エントロピー/膜宇宙論再考察AB効果有り/github_work/Public/core/dwarfs/manga_v2.py
  -> PASS      t=0.887s  (cumulative 4284s)
[426/519] D:/ドキュメント/エントロピー/膜宇宙論再考察AB効果有り/github_work/Public/core/dwarfs/manga_verification.py
  -> PASS      t=6.191s  (cumulative 4291s)
[427/519] D:/ドキュメント/エントロピー/膜宇宙論再考察AB効果有り/github_work/Public/core/dwarfs/probes_Yd_free.py
  -> PASS      t=0.926s  (cumulative 4292s)
[428/519] D:/ドキュメント/エントロピー/膜宇宙論再考察AB効果有り/github_work/Public/core/dwarfs/probes_vbar_pipeline.py
  -> PASS      t=0.746s  (cumulative 4292s)
[429/519] D:/ドキュメント/エントロピー/膜宇宙論再考察AB効果有り/github_work/Public/core/dwarfs/probes_vbar_v2.py
  -> TIMEOUT   t=120.019s  (cumulative 4412s)
[430/519] D:/ドキュメント/エントロピー/膜宇宙論再考察AB効果有り/github_work/Public/core/dwarfs/probes_verification.py
  -> TIMEOUT   t=120.017s  (cumulative 4532s)
[431/519] D:/ドキュメント/エントロピー/膜宇宙論再考察AB効果有り/github_work/Public/core/dwarfs/sofue2016_verify.py
  -> PASS      t=39.366s  (cumulative 4572s)
[432/519] D:/ドキュメント/エントロピー/膜宇宙論再考察AB効果有り/github_work/Public/core/phase_b/phase_a_step1_gama_inspect.py
  -> PASS      t=9.476s  (cumulative 4581s)
[433/519] D:/ドキュメント/エントロピー/膜宇宙論再考察AB効果有り/github_work/Public/core/phase_b/phase_a_step2_lens_sample.py
  -> PASS      t=5.874s  (cumulative 4587s)
[434/519] D:/ドキュメント/エントロピー/膜宇宙論再考察AB効果有り/github_work/Public/core/phase_b/phase_a_step34_esd.py
  -> TIMEOUT   t=120.021s  (cumulative 4707s)
[435/519] D:/ドキュメント/エントロピー/膜宇宙論再考察AB効果有り/github_work/Public/core/phase_b/phase_a_step5_rar.py
  -> PASS      t=1.858s  (cumulative 4709s)
[436/519] D:/ドキュメント/エントロピー/膜宇宙論再考察AB効果有り/github_work/Public/core/phase_b/phase_a_step5_rar_v2.py
  -> TIMEOUT   t=120.018s  (cumulative 4829s)
[437/519] D:/ドキュメント/エントロピー/膜宇宙論再考察AB効果有り/github_work/Public/core/phase_b/phase_b_step1_gbar_fix.py
  -> PASS      t=48.633s  (cumulative 4878s)
[438/519] D:/ドキュメント/エントロピー/膜宇宙論再考察AB効果有り/github_work/Public/core/phase_b/phase_b_step2_errors.py
  -> PASS      t=50.657s  (cumulative 4928s)
[439/519] D:/ドキュメント/エントロピー/膜宇宙論再考察AB効果有り/github_work/Public/core/phase_b/phase_b_step3_three_fields.py
  -> PASS      t=256.234s  (cumulative 5184s)
[440/519] D:/ドキュメント/エントロピー/膜宇宙論再考察AB効果有り/github_work/Public/core/sparc/brouwer_kids_c15_hotgas_per_mbin.py
  -> FAIL      t=0.501s  (cumulative 5185s)
[441/519] D:/ドキュメント/エントロピー/膜宇宙論再考察AB効果有り/github_work/Public/core/sparc/brouwer_kids_c15_radial.py
  -> PASS      t=1.109s  (cumulative 5186s)
[442/519] D:/ドキュメント/エントロピー/膜宇宙論再考察AB効果有り/github_work/Public/core/sparc/brouwer_kids_c15_test.py
  -> PASS      t=0.474s  (cumulative 5187s)
[443/519] D:/ドキュメント/エントロピー/膜宇宙論再考察AB効果有り/github_work/Public/core/sparc/brouwer_kids_fig8_color_sersic.py
  -> PASS      t=0.794s  (cumulative 5187s)
[444/519] D:/ドキュメント/エントロピー/膜宇宙論再考察AB効果有り/github_work/Public/core/sparc/brouwer_kids_sensitivity_chi2.py
  -> FAIL      t=0.469s  (cumulative 5188s)
[445/519] D:/ドキュメント/エントロピー/膜宇宙論再考察AB効果有り/github_work/Public/core/sparc/sparc_M3_M6_independence.py
  -> PASS      t=29.009s  (cumulative 5217s)
[446/519] D:/ドキュメント/エントロピー/膜宇宙論再考察AB効果有り/github_work/Public/core/sparc/sparc_P2b_critical.py
  -> PASS      t=1.21s  (cumulative 5218s)
[447/519] D:/ドキュメント/エントロピー/膜宇宙論再考察AB効果有り/github_work/Public/core/sparc/sparc_P3_domainwall.py
  -> PASS      t=1.323s  (cumulative 5219s)
[448/519] D:/ドキュメント/エントロピー/膜宇宙論再考察AB効果有り/github_work/Public/core/sparc/sparc_P5_deepMOND.py
  -> PASS      t=1.388s  (cumulative 5221s)
[449/519] D:/ドキュメント/エントロピー/膜宇宙論再考察AB効果有り/github_work/Public/core/sparc/sparc_Yd_sensitivity.py
  -> PASS      t=1.632s  (cumulative 5222s)
[450/519] D:/ドキュメント/エントロピー/膜宇宙論再考察AB効果有り/github_work/Public/core/sparc/sparc_Yd_sensitivity_v2.py
  -> PASS      t=1.947s  (cumulative 5224s)
[451/519] D:/ドキュメント/エントロピー/膜宇宙論再考察AB効果有り/github_work/Public/core/sparc/sparc_alpha_bar_gap.py
  -> PASS      t=1.388s  (cumulative 5226s)
[452/519] D:/ドキュメント/エントロピー/膜宇宙論再考察AB効果有り/github_work/Public/core/sparc/sparc_alpha_bar_reanalysis.py
  -> PASS      t=1.661s  (cumulative 5227s)
[453/519] D:/ドキュメント/エントロピー/膜宇宙論再考察AB効果有り/github_work/Public/core/sparc/sparc_alpha_decomposition.py
  -> PASS      t=1.633s  (cumulative 5229s)
[454/519] D:/ドキュメント/エントロピー/膜宇宙論再考察AB効果有り/github_work/Public/core/sparc/sparc_alpha_reproduce.py
  -> PASS      t=1.452s  (cumulative 5230s)
[455/519] D:/ドキュメント/エントロピー/膜宇宙論再考察AB効果有り/github_work/Public/core/sparc/sparc_btfr_withinbin.py
  -> PASS      t=2.241s  (cumulative 5233s)
[456/519] D:/ドキュメント/エントロピー/膜宇宙論再考察AB効果有り/github_work/Public/core/sparc/sparc_cond14_15_integration.py
  -> PASS      t=2.874s  (cumulative 5236s)
[457/519] D:/ドキュメント/エントロピー/膜宇宙論再考察AB効果有り/github_work/Public/core/sparc/sparc_cond14_local_mond.py
  -> PASS      t=2.594s  (cumulative 5238s)
[458/519] D:/ドキュメント/エントロピー/膜宇宙論再考察AB効果有り/github_work/Public/core/sparc/sparc_cond14_residual.py
  -> PASS      t=0.866s  (cumulative 5239s)
[459/519] D:/ドキュメント/エントロピー/膜宇宙論再考察AB効果有り/github_work/Public/core/sparc/sparc_cond15_alpha_transition.py
  -> PASS      t=1.783s  (cumulative 5241s)
[460/519] D:/ドキュメント/エントロピー/膜宇宙論再考察AB効果有り/github_work/Public/core/sparc/sparc_cond15_bias_cond14_correction.py
  -> PASS      t=1.436s  (cumulative 5242s)
[461/519] D:/ドキュメント/エントロピー/膜宇宙論再考察AB効果有り/github_work/Public/core/sparc/sparc_cond15_residual_structure.py
  -> PASS      t=1.514s  (cumulative 5244s)
[462/519] D:/ドキュメント/エントロピー/膜宇宙論再考察AB効果有り/github_work/Public/core/sparc/sparc_cond15_sgal_model.py
  -> FAIL      t=0.726s  (cumulative 5245s)
[463/519] D:/ドキュメント/エントロピー/膜宇宙論再考察AB効果有り/github_work/Public/core/sparc/sparc_deep_mond_inversion.py
  -> PASS      t=4.077s  (cumulative 5249s)
[464/519] D:/ドキュメント/エントロピー/膜宇宙論再考察AB効果有り/github_work/Public/core/sparc/sparc_deepmond_alphabar.py
  -> PASS      t=1.419s  (cumulative 5250s)
[465/519] D:/ドキュメント/エントロピー/膜宇宙論再考察AB効果有り/github_work/Public/core/sparc/sparc_eta_derivation.py
  -> PASS      t=0.803s  (cumulative 5251s)
[466/519] D:/ドキュメント/エントロピー/膜宇宙論再考察AB効果有り/github_work/Public/core/sparc/sparc_eta_yd_model.py
  -> PASS      t=1.518s  (cumulative 5252s)
[467/519] D:/ドキュメント/エントロピー/膜宇宙論再考察AB効果有り/github_work/Public/core/sparc/sparc_gc_bias_correction.py
  -> PASS      t=2.456s  (cumulative 5255s)
[468/519] D:/ドキュメント/エントロピー/膜宇宙論再考察AB効果有り/github_work/Public/core/sparc/sparc_gc_circularity_probes.py
  -> PASS      t=14.218s  (cumulative 5269s)
[469/519] D:/ドキュメント/エントロピー/膜宇宙論再考察AB効果有り/github_work/Public/core/sparc/sparc_gc_method_comparison.py
  -> PASS      t=2.635s  (cumulative 5272s)
[470/519] D:/ドキュメント/エントロピー/膜宇宙論再考察AB効果有り/github_work/Public/core/sparc/sparc_gc_method_systematics.py
  -> PASS      t=0.92s  (cumulative 5273s)
[471/519] D:/ドキュメント/エントロピー/膜宇宙論再考察AB効果有り/github_work/Public/core/sparc/sparc_gc_photometric.py
  -> PASS      t=4.269s  (cumulative 5277s)
[472/519] D:/ドキュメント/エントロピー/膜宇宙論再考察AB効果有り/github_work/Public/core/sparc/sparc_gc_photometric_v2.py
  -> PASS      t=5.996s  (cumulative 5283s)
[473/519] D:/ドキュメント/エントロピー/膜宇宙論再考察AB効果有り/github_work/Public/core/sparc/sparc_gc_ratio_prediction.py
  -> PASS      t=0.764s  (cumulative 5284s)
[474/519] D:/ドキュメント/エントロピー/膜宇宙論再考察AB効果有り/github_work/Public/core/sparc/sparc_gc_shape.py
  -> PASS      t=2.177s  (cumulative 5286s)
[475/519] D:/ドキュメント/エントロピー/膜宇宙論再考察AB効果有り/github_work/Public/core/sparc/sparc_gc_ttype_partial_corr.py
  -> PASS      t=0.752s  (cumulative 5287s)
[476/519] D:/ドキュメント/エントロピー/膜宇宙論再考察AB効果有り/github_work/Public/core/sparc/sparc_geometric_mean_verification.py
  -> PASS      t=3.524s  (cumulative 5290s)
[477/519] D:/ドキュメント/エントロピー/膜宇宙論再考察AB効果有り/github_work/Public/core/sparc/sparc_grad_ratio_detail.py
  -> PASS      t=3.116s  (cumulative 5293s)
[478/519] D:/ドキュメント/エントロピー/膜宇宙論再考察AB効果有り/github_work/Public/core/sparc/sparc_hR_decomposition.py
  -> PASS      t=0.827s  (cumulative 5294s)
[479/519] D:/ドキュメント/エントロピー/膜宇宙論再考察AB効果有り/github_work/Public/core/sparc/sparc_hR_definition_check.py
  -> PASS      t=1.42s  (cumulative 5295s)
[480/519] D:/ドキュメント/エントロピー/膜宇宙論再考察AB効果有り/github_work/Public/core/sparc/sparc_hR_free_exploration.py
  -> FAIL      t=0.74s  (cumulative 5296s)
[481/519] D:/ドキュメント/エントロピー/膜宇宙論再考察AB効果有り/github_work/Public/core/sparc/sparc_hR_free_exploration_v2.py
  -> FAIL      t=0.725s  (cumulative 5297s)
[482/519] D:/ドキュメント/エントロピー/膜宇宙論再考察AB効果有り/github_work/Public/core/sparc/sparc_hR_free_exploration_v3.py
  -> FAIL      t=0.728s  (cumulative 5298s)
[483/519] D:/ドキュメント/エントロピー/膜宇宙論再考察AB効果有り/github_work/Public/core/sparc/sparc_hR_residual31.py
  -> PASS      t=0.845s  (cumulative 5298s)
[484/519] D:/ドキュメント/エントロピー/膜宇宙論再考察AB効果有り/github_work/Public/core/sparc/sparc_jackknife_extended.py
  -> PASS      t=0.972s  (cumulative 5299s)
[485/519] D:/ドキュメント/エントロピー/膜宇宙論再考察AB効果有り/github_work/Public/core/sparc/sparc_kappa_circularity.py
  -> PASS      t=6.315s  (cumulative 5306s)
[486/519] D:/ドキュメント/エントロピー/膜宇宙論再考察AB効果有り/github_work/Public/core/sparc/sparc_kappa_estimation.py
  -> PASS      t=2.094s  (cumulative 5308s)
[487/519] D:/ドキュメント/エントロピー/膜宇宙論再考察AB効果有り/github_work/Public/core/sparc/sparc_kappa_estimation_v2.py
  -> PASS      t=1.735s  (cumulative 5310s)
[488/519] D:/ドキュメント/エントロピー/膜宇宙論再考察AB効果有り/github_work/Public/core/sparc/sparc_kappa_nonlinear.py
  -> TIMEOUT   t=120.02s  (cumulative 5430s)
[489/519] D:/ドキュメント/エントロピー/膜宇宙論再考察AB効果有り/github_work/Public/core/sparc/sparc_littlethings_c15.py
  -> PASS      t=0.113s  (cumulative 5430s)
[490/519] D:/ドキュメント/エントロピー/膜宇宙論再考察AB効果有り/github_work/Public/core/sparc/sparc_mbtfr_slope.py
  -> PASS      t=1.425s  (cumulative 5431s)
[491/519] D:/ドキュメント/エントロピー/膜宇宙論再考察AB効果有り/github_work/Public/core/sparc/sparc_mu_transition.py
  -> PASS      t=1.59s  (cumulative 5433s)
[492/519] D:/ドキュメント/エントロピー/膜宇宙論再考察AB効果有り/github_work/Public/core/sparc/sparc_plasticity_analysis.py
  -> PASS      t=1.644s  (cumulative 5434s)
[493/519] D:/ドキュメント/エントロピー/膜宇宙論再考察AB効果有り/github_work/Public/core/sparc/sparc_residual_structure.py
  -> PASS      t=1.435s  (cumulative 5436s)
[494/519] D:/ドキュメント/エントロピー/膜宇宙論再考察AB効果有り/github_work/Public/core/sparc/sparc_sbdisk_photometric.py
  -> PASS      t=9.499s  (cumulative 5445s)
[495/519] D:/ドキュメント/エントロピー/膜宇宙論再考察AB効果有り/github_work/Public/core/sparc/sparc_scatter_decomposition.py
  -> PASS      t=1.443s  (cumulative 5447s)
[496/519] D:/ドキュメント/エントロピー/膜宇宙論再考察AB効果有り/github_work/Public/core/sparc/sparc_self_referential.py
  -> PASS      t=2.834s  (cumulative 5450s)
[497/519] D:/ドキュメント/エントロピー/膜宇宙論再考察AB効果有り/github_work/Public/core/sparc/sparc_simpson_paradox.py
  -> PASS      t=1.437s  (cumulative 5451s)
[498/519] D:/ドキュメント/エントロピー/膜宇宙論再考察AB効果有り/github_work/Public/core/sparc/sparc_sps_Yd_test.py
  -> FAIL      t=0.736s  (cumulative 5452s)
[499/519] D:/ドキュメント/エントロピー/膜宇宙論再考察AB効果有り/github_work/Public/core/sparc/sparc_strain_gradient.py
  -> PASS      t=0.83s  (cumulative 5453s)
[500/519] D:/ドキュメント/エントロピー/膜宇宙論再考察AB効果有り/github_work/Public/core/sparc/sparc_tautology_check.py
  -> PASS      t=0.998s  (cumulative 5454s)
[501/519] D:/ドキュメント/エントロピー/膜宇宙論再考察AB効果有り/github_work/Public/core/sparc_fit/fit_tanh.py
  -> PASS      t=0.716s  (cumulative 5454s)
[502/519] D:/ドキュメント/エントロピー/膜宇宙論再考察AB効果有り/github_work/Public/core/sparc_fit/fit_tanh2_all.py
  -> PASS      t=31.568s  (cumulative 5486s)
[503/519] D:/ドキュメント/エントロピー/膜宇宙論再考察AB効果有り/github_work/Public/core/sparc_fit/fit_tanh2_ngc2403.py
  -> PASS      t=2.21s  (cumulative 5488s)
[504/519] D:/ドキュメント/エントロピー/膜宇宙論再考察AB効果有り/github_work/Public/data_prep/compare_wl_catalogs.py
  -> PASS      t=47.144s  (cumulative 5535s)
[505/519] D:/ドキュメント/エントロピー/膜宇宙論再考察AB効果有り/github_work/Public/theory/model_b_R_dependent_slope.py
  -> PASS      t=1.346s  (cumulative 5537s)
[506/519] D:/ドキュメント/エントロピー/膜宇宙論再考察AB効果有り/github_work/Public/theory/model_b_kcross_origin.py
  -> FAIL      t=0.961s  (cumulative 5538s)
[507/519] D:/ドキュメント/エントロピー/膜宇宙論再考察AB効果有り/github_work/Public/theory/model_b_slope_contribution_v2.py
  -> FAIL      t=0.947s  (cumulative 5538s)
[508/519] D:/ドキュメント/エントロピー/膜宇宙論再考察AB効果有り/github_work/Public/theory/plasticity_direct_gc.py
  -> PASS      t=0.476s  (cumulative 5539s)
[509/519] D:/ドキュメント/エントロピー/膜宇宙論再考察AB効果有り/github_work/Public/twohalo/f2h_empirical_slope_v2.py
  -> FAIL      t=0.504s  (cumulative 5539s)
[510/519] D:/ドキュメント/エントロピー/膜宇宙論再考察AB効果有り/github_work/Public/twohalo/two_halo_slope_estimate.py
  -> PASS      t=1.242s  (cumulative 5541s)
[511/519] D:/ドキュメント/エントロピー/膜宇宙論再考察AB効果有り/github_work/Public/twohalo/two_halo_slope_rigorous.py
  -> PASS      t=3.624s  (cumulative 5544s)
[512/519] D:/ドキュメント/エントロピー/膜宇宙論再考察AB効果有り/github_work/Public/utils/extract_cluster_galaxies.py
  -> PASS      t=68.544s  (cumulative 5613s)
[513/519] D:/ドキュメント/エントロピー/膜宇宙論再考察AB効果有り/github_work/Public/utils/fetch_cluster_photoz.py
  -> FAIL      t=0.04s  (cumulative 5613s)
[514/519] D:/ドキュメント/エントロピー/膜宇宙論再考察AB効果有り/github_work/Public/utils/fetch_cluster_sources.py
  -> FAIL      t=0.039s  (cumulative 5613s)
[515/519] D:/ドキュメント/エントロピー/膜宇宙論再考察AB効果有り/github_work/Public/v478_release/scripts/membrane_arxiv_v478.py
  -> FAIL      t=0.272s  (cumulative 5613s)
[516/519] D:/ドキュメント/エントロピー/膜宇宙論再考察AB効果有り/phase_c1_h1_quasi_negative_v1.py
  -> FAIL      t=0.111s  (cumulative 5613s)
[517/519] D:/ドキュメント/エントロピー/膜宇宙論再考察AB効果有り/観測データ解析スクリプト一覧 1/fit_tanh.py
  -> PASS      t=0.719s  (cumulative 5614s)
[518/519] D:/ドキュメント/エントロピー/膜宇宙論再考察AB効果有り/観測データ解析スクリプト一覧 1/fit_tanh2_all.py
  -> PASS      t=31.742s  (cumulative 5646s)
[519/519] D:/ドキュメント/エントロピー/膜宇宙論再考察AB効果有り/観測データ解析スクリプト一覧 1/fit_tanh2_ngc2403.py
  -> PASS      t=2.201s  (cumulative 5648s)
[runner] wrote full_recompute_strict_runner_result.json + full_recompute_strict_runner_result.txt
[runner] verdicts: {'FAIL': 72, 'PASS': 430, 'TIMEOUT': 17}
