[pass2] targets=17 done=0 todo=17
[pass2 1/17] D:/ドキュメント/エントロピー/新膜宇宙論/これまでの軌跡/パイソン/core/phase_b/phase_a_step34_esd.py
  -> PASS      t=975.892s (cumulative 976s)
[pass2 2/17] D:/ドキュメント/エントロピー/新膜宇宙論/これまでの軌跡/パイソン/core/phase_b/phase_a_step5_rar_v2.py
  -> PASS      t=1077.578s (cumulative 2053s)
[pass2 3/17] D:/ドキュメント/エントロピー/新膜宇宙論/これまでの軌跡/パイソン/github_release/core/dwarfs/probes_vbar_v2.py
  -> PASS      t=436.351s (cumulative 2490s)
[pass2 4/17] D:/ドキュメント/エントロピー/新膜宇宙論/これまでの軌跡/パイソン/github_release/core/dwarfs/probes_verification.py
  -> TIMEOUT   t=1800.144s (cumulative 4290s)
[pass2 5/17] D:/ドキュメント/エントロピー/新膜宇宙論/これまでの軌跡/パイソン/github_release/core/phase_b/phase_a_step34_esd.py
  -> PASS      t=964.442s (cumulative 5254s)
[pass2 6/17] D:/ドキュメント/エントロピー/新膜宇宙論/これまでの軌跡/パイソン/github_release/core/phase_b/phase_a_step5_rar_v2.py
  -> PASS      t=1089.716s (cumulative 6344s)
[pass2 7/17] D:/ドキュメント/エントロピー/新膜宇宙論/これまでの軌跡/パイソン/github_release/core/sparc/sparc_kappa_nonlinear.py
  -> PASS      t=217.97s (cumulative 6562s)
[pass2 8/17] D:/ドキュメント/エントロピー/新膜宇宙論/これまでの軌跡/パイソン/probes_vbar_pipeline.py
  -> PASS      t=128.584s (cumulative 6691s)
[pass2 9/17] D:/ドキュメント/エントロピー/新膜宇宙論/これまでの軌跡/パイソン/probes_vbar_v2.py
  -> PASS      t=1104.895s (cumulative 7796s)
[pass2 10/17] D:/ドキュメント/エントロピー/新膜宇宙論/これまでの軌跡/パイソン/probes_verification.py
  -> PASS      t=159.991s (cumulative 7956s)
[pass2 11/17] D:/ドキュメント/エントロピー/新膜宇宙論/これまでの軌跡/パイソン/sparc_kappa_nonlinear.py
  -> PASS      t=224.515s (cumulative 8180s)
[pass2 12/17] D:/ドキュメント/エントロピー/膜宇宙論再考察AB効果有り/C3 拡張版仮説関連2/_phase4_grep_audit_v2.py
  -> PASS      t=737.09s (cumulative 8917s)
[pass2 13/17] D:/ドキュメント/エントロピー/膜宇宙論再考察AB効果有り/github_work/Public/core/dwarfs/probes_vbar_v2.py
  -> PASS      t=53.403s (cumulative 8971s)
[pass2 14/17] D:/ドキュメント/エントロピー/膜宇宙論再考察AB効果有り/github_work/Public/core/dwarfs/probes_verification.py
  -> PASS      t=267.735s (cumulative 9238s)
[pass2 15/17] D:/ドキュメント/エントロピー/膜宇宙論再考察AB効果有り/github_work/Public/core/phase_b/phase_a_step34_esd.py
  -> PASS      t=1019.836s (cumulative 10258s)
[pass2 16/17] D:/ドキュメント/エントロピー/膜宇宙論再考察AB効果有り/github_work/Public/core/phase_b/phase_a_step5_rar_v2.py
  -> PASS      t=1052.11s (cumulative 11310s)
[pass2 17/17] D:/ドキュメント/エントロピー/膜宇宙論再考察AB効果有り/github_work/Public/core/sparc/sparc_kappa_nonlinear.py
  -> PASS      t=222.991s (cumulative 11533s)
[pass2] verdicts: {'PASS': 16, 'TIMEOUT': 1}
